<?xml version="1.0" encoding="UTF-8"?>
<!-- Generated by org.testng.reporters.JUnitXMLReporter -->
<testsuite ignored="0" hostname="LAPTOP-3LGPHJ70" failures="0" tests="5" name="Login Page Test" time="5.242" errors="0" timestamp="2026-05-02T19:37:43 IST">
  <testcase classname="com.qa.opencart.tests.LoginPageTest" name="forgotPwdLinkExistTest" time="0.161"/>
  <testcase classname="com.qa.opencart.tests.LoginPageTest" name="loginPageTitleTest" time="0.046"/>
  <testcase classname="com.qa.opencart.tests.LoginPageTest" name="loginPageURLTest" time="0.022"/>
  <testcase classname="com.qa.opencart.tests.LoginPageTest" name="logoExiststTest" time="0.073"/>
  <testcase classname="com.qa.opencart.tests.LoginPageTest" name="loginTest" time="1.189"/>
</testsuite> <!-- Login Page Test -->
