<?xml version="1.0" encoding="UTF-8"?>
<testng-results ignored="0" total="21" passed="21" failed="0" skipped="0">
  <reporter-output>
  </reporter-output>
  <suite started-at="2026-05-20T17:05:54 IST" name="OpenCart Regression Suite" finished-at="2026-05-20T17:06:22 IST" duration-ms="28044">
    <groups>
    </groups>
    <test started-at="2026-05-20T17:05:54 IST" name="Login Page Test" finished-at="2026-05-20T17:06:09 IST" duration-ms="15230">
      <class name="com.qa.opencart.tests.LoginPageTest">
        <test-method is-config="true" signature="setUp(java.lang.String,java.lang.String,java.lang.String)[pri:0, instance:com.qa.opencart.tests.LoginPageTest@79aee22a]" started-at="2026-05-20T17:05:54 IST" name="setUp" finished-at="2026-05-20T17:06:05 IST" duration-ms="10710" status="PASS">
          <params>
            <param index="0">
              <value>
                <![CDATA[chrome]]>
              </value>
            </param>
            <param index="1">
              <value>
                <![CDATA[126.0]]>
              </value>
            </param>
            <param index="2">
              <value>
                <![CDATA[LOGIN PAGE TEST]]>
              </value>
            </param>
          </params>
          <reporter-output>
          </reporter-output>
        </test-method> <!-- setUp -->
        <test-method signature="forgotPwdLinkExistTest()[pri:0, instance:com.qa.opencart.tests.LoginPageTest@79aee22a]" started-at="2026-05-20T17:06:05 IST" name="forgotPwdLinkExistTest" finished-at="2026-05-20T17:06:06 IST" duration-ms="703" status="PASS">
          <reporter-output>
          </reporter-output>
        </test-method> <!-- forgotPwdLinkExistTest -->
        <test-method signature="loginPageTitleTest()[pri:0, instance:com.qa.opencart.tests.LoginPageTest@79aee22a]" started-at="2026-05-20T17:06:06 IST" name="loginPageTitleTest" finished-at="2026-05-20T17:06:06 IST" duration-ms="117" status="PASS">
          <reporter-output>
          </reporter-output>
        </test-method> <!-- loginPageTitleTest -->
        <test-method signature="loginPageURLTest()[pri:0, instance:com.qa.opencart.tests.LoginPageTest@79aee22a]" started-at="2026-05-20T17:06:06 IST" name="loginPageURLTest" finished-at="2026-05-20T17:06:06 IST" duration-ms="172" status="PASS">
          <reporter-output>
          </reporter-output>
        </test-method> <!-- loginPageURLTest -->
        <test-method signature="logoExiststTest()[pri:0, instance:com.qa.opencart.tests.LoginPageTest@79aee22a]" started-at="2026-05-20T17:06:06 IST" name="logoExiststTest" finished-at="2026-05-20T17:06:07 IST" duration-ms="165" status="PASS">
          <reporter-output>
          </reporter-output>
        </test-method> <!-- logoExiststTest -->
        <test-method signature="loginTest()[pri:2147483647, instance:com.qa.opencart.tests.LoginPageTest@79aee22a]" started-at="2026-05-20T17:06:07 IST" name="loginTest" finished-at="2026-05-20T17:06:09 IST" duration-ms="2436" status="PASS">
          <reporter-output>
          </reporter-output>
        </test-method> <!-- loginTest -->
        <test-method is-config="true" signature="tearDown()[pri:0, instance:com.qa.opencart.tests.LoginPageTest@79aee22a]" started-at="2026-05-20T17:06:09 IST" name="tearDown" finished-at="2026-05-20T17:06:09 IST" duration-ms="287" status="PASS">
          <reporter-output>
          </reporter-output>
        </test-method> <!-- tearDown -->
      </class> <!-- com.qa.opencart.tests.LoginPageTest -->
    </test> <!-- Login Page Test -->
    <test started-at="2026-05-20T17:05:54 IST" name="Register Page Test" finished-at="2026-05-20T17:06:20 IST" duration-ms="25846">
      <class name="com.qa.opencart.tests.RegisterPageTest">
        <test-method is-config="true" signature="setUp(java.lang.String,java.lang.String,java.lang.String)[pri:0, instance:com.qa.opencart.tests.RegisterPageTest@6c479fdf]" started-at="2026-05-20T17:05:54 IST" name="setUp" finished-at="2026-05-20T17:06:05 IST" duration-ms="10713" status="PASS">
          <params>
            <param index="0">
              <value>
                <![CDATA[chrome]]>
              </value>
            </param>
            <param index="1">
              <value>
                <![CDATA[124.0]]>
              </value>
            </param>
            <param index="2">
              <value>
                <![CDATA[REGISTER PAGE TEST]]>
              </value>
            </param>
          </params>
          <reporter-output>
          </reporter-output>
        </test-method> <!-- setUp -->
        <test-method is-config="true" signature="regSetup()[pri:0, instance:com.qa.opencart.tests.RegisterPageTest@6c479fdf]" started-at="2026-05-20T17:06:05 IST" name="regSetup" finished-at="2026-05-20T17:06:06 IST" duration-ms="1416" status="PASS">
          <reporter-output>
          </reporter-output>
        </test-method> <!-- regSetup -->
        <test-method signature="userRegisterTest(java.lang.String,java.lang.String,java.lang.String,java.lang.String,java.lang.String)[pri:0, instance:com.qa.opencart.tests.RegisterPageTest@6c479fdf]" started-at="2026-05-20T17:06:09 IST" name="userRegisterTest" data-provider="getRegData" finished-at="2026-05-20T17:06:14 IST" duration-ms="4776" status="PASS">
          <params>
            <param index="0">
              <value>
                <![CDATA[devesh]]>
              </value>
            </param>
            <param index="1">
              <value>
                <![CDATA[singhal]]>
              </value>
            </param>
            <param index="2">
              <value>
                <![CDATA[9.09090909E9]]>
              </value>
            </param>
            <param index="3">
              <value>
                <![CDATA[Kan@135#]]>
              </value>
            </param>
            <param index="4">
              <value>
                <![CDATA[yes]]>
              </value>
            </param>
          </params>
          <reporter-output>
          </reporter-output>
        </test-method> <!-- userRegisterTest -->
        <test-method signature="userRegisterTest(java.lang.String,java.lang.String,java.lang.String,java.lang.String,java.lang.String)[pri:0, instance:com.qa.opencart.tests.RegisterPageTest@6c479fdf]" started-at="2026-05-20T17:06:14 IST" name="userRegisterTest" data-provider="getRegData" finished-at="2026-05-20T17:06:17 IST" duration-ms="2999" status="PASS">
          <params>
            <param index="0">
              <value>
                <![CDATA[kanchan]]>
              </value>
            </param>
            <param index="1">
              <value>
                <![CDATA[mangala]]>
              </value>
            </param>
            <param index="2">
              <value>
                <![CDATA[9.090909091E9]]>
              </value>
            </param>
            <param index="3">
              <value>
                <![CDATA[Kan@135#]]>
              </value>
            </param>
            <param index="4">
              <value>
                <![CDATA[no]]>
              </value>
            </param>
          </params>
          <reporter-output>
          </reporter-output>
        </test-method> <!-- userRegisterTest -->
        <test-method signature="userRegisterTest(java.lang.String,java.lang.String,java.lang.String,java.lang.String,java.lang.String)[pri:0, instance:com.qa.opencart.tests.RegisterPageTest@6c479fdf]" started-at="2026-05-20T17:06:17 IST" name="userRegisterTest" data-provider="getRegData" finished-at="2026-05-20T17:06:20 IST" duration-ms="3168" status="PASS">
          <params>
            <param index="0">
              <value>
                <![CDATA[kapil]]>
              </value>
            </param>
            <param index="1">
              <value>
                <![CDATA[magala]]>
              </value>
            </param>
            <param index="2">
              <value>
                <![CDATA[9.090909092E9]]>
              </value>
            </param>
            <param index="3">
              <value>
                <![CDATA[Kan@135#]]>
              </value>
            </param>
            <param index="4">
              <value>
                <![CDATA[yes]]>
              </value>
            </param>
          </params>
          <reporter-output>
          </reporter-output>
        </test-method> <!-- userRegisterTest -->
        <test-method is-config="true" signature="tearDown()[pri:0, instance:com.qa.opencart.tests.RegisterPageTest@6c479fdf]" started-at="2026-05-20T17:06:20 IST" name="tearDown" finished-at="2026-05-20T17:06:20 IST" duration-ms="1" status="PASS">
          <reporter-output>
          </reporter-output>
        </test-method> <!-- tearDown -->
      </class> <!-- com.qa.opencart.tests.RegisterPageTest -->
    </test> <!-- Register Page Test -->
    <test started-at="2026-05-20T17:05:54 IST" name="Accounts Page Test" finished-at="2026-05-20T17:06:22 IST" duration-ms="28044">
      <class name="com.qa.opencart.tests.AccountsPageTest">
        <test-method is-config="true" signature="setUp(java.lang.String,java.lang.String,java.lang.String)[pri:0, instance:com.qa.opencart.tests.AccountsPageTest@4a481728]" started-at="2026-05-20T17:05:54 IST" name="setUp" finished-at="2026-05-20T17:06:05 IST" duration-ms="10709" status="PASS">
          <params>
            <param index="0">
              <value>
                <![CDATA[chrome]]>
              </value>
            </param>
            <param index="1">
              <value>
                <![CDATA[113.0]]>
              </value>
            </param>
            <param index="2">
              <value>
                <![CDATA[ACCOUNTS PAGE TEST]]>
              </value>
            </param>
          </params>
          <reporter-output>
          </reporter-output>
        </test-method> <!-- setUp -->
        <test-method is-config="true" signature="accSetup()[pri:0, instance:com.qa.opencart.tests.AccountsPageTest@4a481728]" started-at="2026-05-20T17:06:05 IST" name="accSetup" finished-at="2026-05-20T17:06:08 IST" duration-ms="3235" status="PASS">
          <reporter-output>
          </reporter-output>
        </test-method> <!-- accSetup -->
        <test-method signature="accPageTitleTest()[pri:0, instance:com.qa.opencart.tests.AccountsPageTest@4a481728]" started-at="2026-05-20T17:06:08 IST" name="accPageTitleTest" finished-at="2026-05-20T17:06:08 IST" duration-ms="321" status="PASS">
          <reporter-output>
          </reporter-output>
        </test-method> <!-- accPageTitleTest -->
        <test-method signature="accountsPageHeadersCountTest()[pri:0, instance:com.qa.opencart.tests.AccountsPageTest@4a481728]" started-at="2026-05-20T17:06:08 IST" name="accountsPageHeadersCountTest" finished-at="2026-05-20T17:06:09 IST" duration-ms="275" status="PASS">
          <reporter-output>
          </reporter-output>
        </test-method> <!-- accountsPageHeadersCountTest -->
        <test-method signature="accountsPageHeadersTest()[pri:0, instance:com.qa.opencart.tests.AccountsPageTest@4a481728]" started-at="2026-05-20T17:06:09 IST" name="accountsPageHeadersTest" finished-at="2026-05-20T17:06:10 IST" duration-ms="825" status="PASS">
          <reporter-output>
          </reporter-output>
        </test-method> <!-- accountsPageHeadersTest -->
        <test-method signature="isLogoutLinkExistTest()[pri:0, instance:com.qa.opencart.tests.AccountsPageTest@4a481728]" started-at="2026-05-20T17:06:10 IST" name="isLogoutLinkExistTest" finished-at="2026-05-20T17:06:11 IST" duration-ms="167" status="PASS">
          <reporter-output>
          </reporter-output>
        </test-method> <!-- isLogoutLinkExistTest -->
        <test-method signature="searchCountTest(java.lang.String,int)[pri:0, instance:com.qa.opencart.tests.AccountsPageTest@4a481728]" started-at="2026-05-20T17:06:11 IST" name="searchCountTest" data-provider="getSearchKey" finished-at="2026-05-20T17:06:12 IST" duration-ms="1513" status="PASS">
          <params>
            <param index="0">
              <value>
                <![CDATA[macbook]]>
              </value>
            </param>
            <param index="1">
              <value>
                <![CDATA[3]]>
              </value>
            </param>
          </params>
          <reporter-output>
          </reporter-output>
        </test-method> <!-- searchCountTest -->
        <test-method signature="searchCountTest(java.lang.String,int)[pri:0, instance:com.qa.opencart.tests.AccountsPageTest@4a481728]" started-at="2026-05-20T17:06:12 IST" name="searchCountTest" data-provider="getSearchKey" finished-at="2026-05-20T17:06:13 IST" duration-ms="944" status="PASS">
          <params>
            <param index="0">
              <value>
                <![CDATA[imac]]>
              </value>
            </param>
            <param index="1">
              <value>
                <![CDATA[1]]>
              </value>
            </param>
          </params>
          <reporter-output>
          </reporter-output>
        </test-method> <!-- searchCountTest -->
        <test-method signature="searchCountTest(java.lang.String,int)[pri:0, instance:com.qa.opencart.tests.AccountsPageTest@4a481728]" started-at="2026-05-20T17:06:13 IST" name="searchCountTest" data-provider="getSearchKey" finished-at="2026-05-20T17:06:14 IST" duration-ms="868" status="PASS">
          <params>
            <param index="0">
              <value>
                <![CDATA[samsung]]>
              </value>
            </param>
            <param index="1">
              <value>
                <![CDATA[2]]>
              </value>
            </param>
          </params>
          <reporter-output>
          </reporter-output>
        </test-method> <!-- searchCountTest -->
        <test-method signature="searchTest(java.lang.String,java.lang.String)[pri:0, instance:com.qa.opencart.tests.AccountsPageTest@4a481728]" started-at="2026-05-20T17:06:14 IST" name="searchTest" data-provider="getSearchData" finished-at="2026-05-20T17:06:15 IST" duration-ms="1531" status="PASS">
          <params>
            <param index="0">
              <value>
                <![CDATA[macbook]]>
              </value>
            </param>
            <param index="1">
              <value>
                <![CDATA[MacBook Pro]]>
              </value>
            </param>
          </params>
          <reporter-output>
          </reporter-output>
        </test-method> <!-- searchTest -->
        <test-method signature="searchTest(java.lang.String,java.lang.String)[pri:0, instance:com.qa.opencart.tests.AccountsPageTest@4a481728]" started-at="2026-05-20T17:06:15 IST" name="searchTest" data-provider="getSearchData" finished-at="2026-05-20T17:06:17 IST" duration-ms="1231" status="PASS">
          <params>
            <param index="0">
              <value>
                <![CDATA[macbook]]>
              </value>
            </param>
            <param index="1">
              <value>
                <![CDATA[MacBook Air]]>
              </value>
            </param>
          </params>
          <reporter-output>
          </reporter-output>
        </test-method> <!-- searchTest -->
        <test-method signature="searchTest(java.lang.String,java.lang.String)[pri:0, instance:com.qa.opencart.tests.AccountsPageTest@4a481728]" started-at="2026-05-20T17:06:17 IST" name="searchTest" data-provider="getSearchData" finished-at="2026-05-20T17:06:18 IST" duration-ms="1536" status="PASS">
          <params>
            <param index="0">
              <value>
                <![CDATA[macbook]]>
              </value>
            </param>
            <param index="1">
              <value>
                <![CDATA[MacBook]]>
              </value>
            </param>
          </params>
          <reporter-output>
          </reporter-output>
        </test-method> <!-- searchTest -->
        <test-method signature="searchTest(java.lang.String,java.lang.String)[pri:0, instance:com.qa.opencart.tests.AccountsPageTest@4a481728]" started-at="2026-05-20T17:06:18 IST" name="searchTest" data-provider="getSearchData" finished-at="2026-05-20T17:06:19 IST" duration-ms="1203" status="PASS">
          <params>
            <param index="0">
              <value>
                <![CDATA[imac]]>
              </value>
            </param>
            <param index="1">
              <value>
                <![CDATA[iMac]]>
              </value>
            </param>
          </params>
          <reporter-output>
          </reporter-output>
        </test-method> <!-- searchTest -->
        <test-method signature="searchTest(java.lang.String,java.lang.String)[pri:0, instance:com.qa.opencart.tests.AccountsPageTest@4a481728]" started-at="2026-05-20T17:06:19 IST" name="searchTest" data-provider="getSearchData" finished-at="2026-05-20T17:06:21 IST" duration-ms="1323" status="PASS">
          <params>
            <param index="0">
              <value>
                <![CDATA[samsung]]>
              </value>
            </param>
            <param index="1">
              <value>
                <![CDATA[Samsung SyncMaster 941BW]]>
              </value>
            </param>
          </params>
          <reporter-output>
          </reporter-output>
        </test-method> <!-- searchTest -->
        <test-method signature="searchTest(java.lang.String,java.lang.String)[pri:0, instance:com.qa.opencart.tests.AccountsPageTest@4a481728]" started-at="2026-05-20T17:06:21 IST" name="searchTest" data-provider="getSearchData" finished-at="2026-05-20T17:06:22 IST" duration-ms="1302" status="PASS">
          <params>
            <param index="0">
              <value>
                <![CDATA[samsung]]>
              </value>
            </param>
            <param index="1">
              <value>
                <![CDATA[Samsung Galaxy Tab 10.1]]>
              </value>
            </param>
          </params>
          <reporter-output>
          </reporter-output>
        </test-method> <!-- searchTest -->
        <test-method is-config="true" signature="tearDown()[pri:0, instance:com.qa.opencart.tests.AccountsPageTest@4a481728]" started-at="2026-05-20T17:06:22 IST" name="tearDown" finished-at="2026-05-20T17:06:22 IST" duration-ms="1" status="PASS">
          <reporter-output>
          </reporter-output>
        </test-method> <!-- tearDown -->
      </class> <!-- com.qa.opencart.tests.AccountsPageTest -->
    </test> <!-- Accounts Page Test -->
  </suite> <!-- OpenCart Regression Suite -->
</testng-results>
