<?xml version="1.0" encoding="UTF-8"?>
<testng-results retried="1" ignored="0" total="29" passed="10" failed="0" skipped="18">
  <reporter-output>
  </reporter-output>
  <suite started-at="2026-06-03T18:53:32 IST" name="Opencart App Test Regression Suite" finished-at="2026-06-03T18:56:53 IST" duration-ms="201014">
    <groups>
    </groups>
    <test started-at="2026-06-03T18:53:32 IST" name="Login Page Test" finished-at="2026-06-03T18:53:33 IST" duration-ms="1245">
      <class name="com.qa.opencart.tests.LoginPageTest">
        <test-method is-config="true" signature="setUp(java.lang.String,java.lang.String)[pri:0, instance:com.qa.opencart.tests.LoginPageTest@6bcc3f27]" started-at="2026-06-03T18:53:32 IST" name="setUp" finished-at="2026-06-03T18:53:33 IST" duration-ms="953" status="FAIL">
          <params>
            <param index="0">
              <value>
                <![CDATA[chrome]]>
              </value>
            </param>
            <param index="1">
              <value>
                <![CDATA[126.0]]>
              </value>
            </param>
          </params>
          <exception class="org.openqa.selenium.SessionNotCreatedException">
            <message>
              <![CDATA[Could not start a new session. Response code 400. Message: Requested environment is not available 
Host info: host: 'DESKTOP-ELQ7VCQ', ip: '192.168.29.127'
Build info: version: '4.44.0', revision: 'da2039b'
System info: os.name: 'Windows 11', os.arch: 'amd64', os.version: '10.0', java.version: '17.0.12'
Driver info: org.openqa.selenium.remote.RemoteWebDriver
Command: [null, newSession {capabilities=[Capabilities {browserName: chrome, goog:chromeOptions: {args: [--headless=new, --no-sandbox, --disable-dev-shm-usage], extensions: []}, selenoid:options: {enableVNC: true}}]}]
Capabilities {browserName: chrome, goog:chromeOptions: {args: [--headless=new, --no-sandbox, --disable-dev-shm-usage], extensions: []}, selenoid:options: {enableVNC: true}}]]>
            </message>
            <full-stacktrace>
              <![CDATA[org.openqa.selenium.SessionNotCreatedException: Could not start a new session. Response code 400. Message: Requested environment is not available 
Host info: host: 'DESKTOP-ELQ7VCQ', ip: '192.168.29.127'
Build info: version: '4.44.0', revision: 'da2039b'
System info: os.name: 'Windows 11', os.arch: 'amd64', os.version: '10.0', java.version: '17.0.12'
Driver info: org.openqa.selenium.remote.RemoteWebDriver
Command: [null, newSession {capabilities=[Capabilities {browserName: chrome, goog:chromeOptions: {args: [--headless=new, --no-sandbox, --disable-dev-shm-usage], extensions: []}, selenoid:options: {enableVNC: true}}]}]
Capabilities {browserName: chrome, goog:chromeOptions: {args: [--headless=new, --no-sandbox, --disable-dev-shm-usage], extensions: []}, selenoid:options: {enableVNC: true}}
at org.openqa.selenium.remote.ProtocolHandshake.createSession(ProtocolHandshake.java:115)
at org.openqa.selenium.remote.ProtocolHandshake.createSession(ProtocolHandshake.java:76)
at org.openqa.selenium.remote.ProtocolHandshake.createSession(ProtocolHandshake.java:62)
at org.openqa.selenium.remote.HttpCommandExecutor.execute(HttpCommandExecutor.java:196)
at org.openqa.selenium.remote.TracedCommandExecutor.execute(TracedCommandExecutor.java:53)
at org.openqa.selenium.remote.RemoteWebDriver.execute(RemoteWebDriver.java:600)
at org.openqa.selenium.remote.RemoteWebDriver.startSession(RemoteWebDriver.java:284)
at org.openqa.selenium.remote.RemoteWebDriver.<init>(RemoteWebDriver.java:217)
at org.openqa.selenium.remote.RemoteWebDriver.<init>(RemoteWebDriver.java:176)
at org.openqa.selenium.remote.RemoteWebDriver.<init>(RemoteWebDriver.java:172)
at com.qa.opencart.factory.DriverFactory.init_remoteDriver(DriverFactory.java:92)
at com.qa.opencart.factory.DriverFactory.initDriver(DriverFactory.java:42)
at com.qa.opencart.base.BaseTest.setUp(BaseTest.java:46)
at java.base/jdk.internal.reflect.NativeMethodAccessorImpl.invoke0(Native Method)
at java.base/jdk.internal.reflect.NativeMethodAccessorImpl.invoke(NativeMethodAccessorImpl.java:77)
at java.base/jdk.internal.reflect.DelegatingMethodAccessorImpl.invoke(DelegatingMethodAccessorImpl.java:43)
at java.base/java.lang.reflect.Method.invoke(Method.java:568)
at org.testng.internal.invokers.MethodInvocationHelper.invokeMethod(MethodInvocationHelper.java:139)
at org.testng.internal.invokers.MethodInvocationHelper.invokeMethodConsideringTimeout(MethodInvocationHelper.java:69)
at org.testng.internal.invokers.ConfigInvoker.invokeConfigurationMethod(ConfigInvoker.java:361)
at org.testng.internal.invokers.ConfigInvoker.invokeConfigurations(ConfigInvoker.java:296)
at org.testng.TestRunner.invokeTestConfigurations(TestRunner.java:644)
at org.testng.TestRunner.beforeRun(TestRunner.java:633)
at org.testng.TestRunner.run(TestRunner.java:595)
at org.testng.SuiteRunner.runTest(SuiteRunner.java:437)
at org.testng.SuiteRunner$SuiteWorker.run(SuiteRunner.java:475)
at org.testng.internal.thread.ThreadUtil.lambda$execute$0(ThreadUtil.java:58)
at java.base/java.util.concurrent.FutureTask.run(FutureTask.java:264)
at java.base/java.util.concurrent.ThreadPoolExecutor.runWorker(ThreadPoolExecutor.java:1136)
at java.base/java.util.concurrent.ThreadPoolExecutor$Worker.run(ThreadPoolExecutor.java:635)
at java.base/java.lang.Thread.run(Thread.java:842)
]]>
            </full-stacktrace>
          </exception> <!-- org.openqa.selenium.SessionNotCreatedException -->
          <reporter-output>
          </reporter-output>
        </test-method> <!-- setUp -->
        <test-method signature="forgotPwdLinkExistTest()[pri:0, instance:com.qa.opencart.tests.LoginPageTest@6bcc3f27]" started-at="2026-06-03T18:53:33 IST" name="forgotPwdLinkExistTest" finished-at="2026-06-03T18:53:33 IST" duration-ms="0" status="SKIP">
          <exception class="org.openqa.selenium.SessionNotCreatedException">
            <message>
              <![CDATA[Could not start a new session. Response code 400. Message: Requested environment is not available 
Host info: host: 'DESKTOP-ELQ7VCQ', ip: '192.168.29.127'
Build info: version: '4.44.0', revision: 'da2039b'
System info: os.name: 'Windows 11', os.arch: 'amd64', os.version: '10.0', java.version: '17.0.12'
Driver info: org.openqa.selenium.remote.RemoteWebDriver
Command: [null, newSession {capabilities=[Capabilities {browserName: chrome, goog:chromeOptions: {args: [--headless=new, --no-sandbox, --disable-dev-shm-usage], extensions: []}, selenoid:options: {enableVNC: true}}]}]
Capabilities {browserName: chrome, goog:chromeOptions: {args: [--headless=new, --no-sandbox, --disable-dev-shm-usage], extensions: []}, selenoid:options: {enableVNC: true}}]]>
            </message>
            <full-stacktrace>
              <![CDATA[org.openqa.selenium.SessionNotCreatedException: Could not start a new session. Response code 400. Message: Requested environment is not available 
Host info: host: 'DESKTOP-ELQ7VCQ', ip: '192.168.29.127'
Build info: version: '4.44.0', revision: 'da2039b'
System info: os.name: 'Windows 11', os.arch: 'amd64', os.version: '10.0', java.version: '17.0.12'
Driver info: org.openqa.selenium.remote.RemoteWebDriver
Command: [null, newSession {capabilities=[Capabilities {browserName: chrome, goog:chromeOptions: {args: [--headless=new, --no-sandbox, --disable-dev-shm-usage], extensions: []}, selenoid:options: {enableVNC: true}}]}]
Capabilities {browserName: chrome, goog:chromeOptions: {args: [--headless=new, --no-sandbox, --disable-dev-shm-usage], extensions: []}, selenoid:options: {enableVNC: true}}
at org.openqa.selenium.remote.ProtocolHandshake.createSession(ProtocolHandshake.java:115)
at org.openqa.selenium.remote.ProtocolHandshake.createSession(ProtocolHandshake.java:76)
at org.openqa.selenium.remote.ProtocolHandshake.createSession(ProtocolHandshake.java:62)
at org.openqa.selenium.remote.HttpCommandExecutor.execute(HttpCommandExecutor.java:196)
at org.openqa.selenium.remote.TracedCommandExecutor.execute(TracedCommandExecutor.java:53)
at org.openqa.selenium.remote.RemoteWebDriver.execute(RemoteWebDriver.java:600)
at org.openqa.selenium.remote.RemoteWebDriver.startSession(RemoteWebDriver.java:284)
at org.openqa.selenium.remote.RemoteWebDriver.<init>(RemoteWebDriver.java:217)
at org.openqa.selenium.remote.RemoteWebDriver.<init>(RemoteWebDriver.java:176)
at org.openqa.selenium.remote.RemoteWebDriver.<init>(RemoteWebDriver.java:172)
at com.qa.opencart.factory.DriverFactory.init_remoteDriver(DriverFactory.java:92)
at com.qa.opencart.factory.DriverFactory.initDriver(DriverFactory.java:42)
at com.qa.opencart.base.BaseTest.setUp(BaseTest.java:46)
at java.base/jdk.internal.reflect.NativeMethodAccessorImpl.invoke0(Native Method)
at java.base/jdk.internal.reflect.NativeMethodAccessorImpl.invoke(NativeMethodAccessorImpl.java:77)
at java.base/jdk.internal.reflect.DelegatingMethodAccessorImpl.invoke(DelegatingMethodAccessorImpl.java:43)
at java.base/java.lang.reflect.Method.invoke(Method.java:568)
at org.testng.internal.invokers.MethodInvocationHelper.invokeMethod(MethodInvocationHelper.java:139)
at org.testng.internal.invokers.MethodInvocationHelper.invokeMethodConsideringTimeout(MethodInvocationHelper.java:69)
at org.testng.internal.invokers.ConfigInvoker.invokeConfigurationMethod(ConfigInvoker.java:361)
at org.testng.internal.invokers.ConfigInvoker.invokeConfigurations(ConfigInvoker.java:296)
at org.testng.TestRunner.invokeTestConfigurations(TestRunner.java:644)
at org.testng.TestRunner.beforeRun(TestRunner.java:633)
at org.testng.TestRunner.run(TestRunner.java:595)
at org.testng.SuiteRunner.runTest(SuiteRunner.java:437)
at org.testng.SuiteRunner$SuiteWorker.run(SuiteRunner.java:475)
at org.testng.internal.thread.ThreadUtil.lambda$execute$0(ThreadUtil.java:58)
at java.base/java.util.concurrent.FutureTask.run(FutureTask.java:264)
at java.base/java.util.concurrent.ThreadPoolExecutor.runWorker(ThreadPoolExecutor.java:1136)
at java.base/java.util.concurrent.ThreadPoolExecutor$Worker.run(ThreadPoolExecutor.java:635)
at java.base/java.lang.Thread.run(Thread.java:842)
]]>
            </full-stacktrace>
          </exception> <!-- org.openqa.selenium.SessionNotCreatedException -->
          <reporter-output>
          </reporter-output>
        </test-method> <!-- forgotPwdLinkExistTest -->
        <test-method signature="loginPageTitleTest()[pri:0, instance:com.qa.opencart.tests.LoginPageTest@6bcc3f27]" started-at="2026-06-03T18:53:33 IST" name="loginPageTitleTest" finished-at="2026-06-03T18:53:33 IST" duration-ms="0" status="SKIP">
          <exception class="org.openqa.selenium.SessionNotCreatedException">
            <message>
              <![CDATA[Could not start a new session. Response code 400. Message: Requested environment is not available 
Host info: host: 'DESKTOP-ELQ7VCQ', ip: '192.168.29.127'
Build info: version: '4.44.0', revision: 'da2039b'
System info: os.name: 'Windows 11', os.arch: 'amd64', os.version: '10.0', java.version: '17.0.12'
Driver info: org.openqa.selenium.remote.RemoteWebDriver
Command: [null, newSession {capabilities=[Capabilities {browserName: chrome, goog:chromeOptions: {args: [--headless=new, --no-sandbox, --disable-dev-shm-usage], extensions: []}, selenoid:options: {enableVNC: true}}]}]
Capabilities {browserName: chrome, goog:chromeOptions: {args: [--headless=new, --no-sandbox, --disable-dev-shm-usage], extensions: []}, selenoid:options: {enableVNC: true}}]]>
            </message>
            <full-stacktrace>
              <![CDATA[org.openqa.selenium.SessionNotCreatedException: Could not start a new session. Response code 400. Message: Requested environment is not available 
Host info: host: 'DESKTOP-ELQ7VCQ', ip: '192.168.29.127'
Build info: version: '4.44.0', revision: 'da2039b'
System info: os.name: 'Windows 11', os.arch: 'amd64', os.version: '10.0', java.version: '17.0.12'
Driver info: org.openqa.selenium.remote.RemoteWebDriver
Command: [null, newSession {capabilities=[Capabilities {browserName: chrome, goog:chromeOptions: {args: [--headless=new, --no-sandbox, --disable-dev-shm-usage], extensions: []}, selenoid:options: {enableVNC: true}}]}]
Capabilities {browserName: chrome, goog:chromeOptions: {args: [--headless=new, --no-sandbox, --disable-dev-shm-usage], extensions: []}, selenoid:options: {enableVNC: true}}
at org.openqa.selenium.remote.ProtocolHandshake.createSession(ProtocolHandshake.java:115)
at org.openqa.selenium.remote.ProtocolHandshake.createSession(ProtocolHandshake.java:76)
at org.openqa.selenium.remote.ProtocolHandshake.createSession(ProtocolHandshake.java:62)
at org.openqa.selenium.remote.HttpCommandExecutor.execute(HttpCommandExecutor.java:196)
at org.openqa.selenium.remote.TracedCommandExecutor.execute(TracedCommandExecutor.java:53)
at org.openqa.selenium.remote.RemoteWebDriver.execute(RemoteWebDriver.java:600)
at org.openqa.selenium.remote.RemoteWebDriver.startSession(RemoteWebDriver.java:284)
at org.openqa.selenium.remote.RemoteWebDriver.<init>(RemoteWebDriver.java:217)
at org.openqa.selenium.remote.RemoteWebDriver.<init>(RemoteWebDriver.java:176)
at org.openqa.selenium.remote.RemoteWebDriver.<init>(RemoteWebDriver.java:172)
at com.qa.opencart.factory.DriverFactory.init_remoteDriver(DriverFactory.java:92)
at com.qa.opencart.factory.DriverFactory.initDriver(DriverFactory.java:42)
at com.qa.opencart.base.BaseTest.setUp(BaseTest.java:46)
at java.base/jdk.internal.reflect.NativeMethodAccessorImpl.invoke0(Native Method)
at java.base/jdk.internal.reflect.NativeMethodAccessorImpl.invoke(NativeMethodAccessorImpl.java:77)
at java.base/jdk.internal.reflect.DelegatingMethodAccessorImpl.invoke(DelegatingMethodAccessorImpl.java:43)
at java.base/java.lang.reflect.Method.invoke(Method.java:568)
at org.testng.internal.invokers.MethodInvocationHelper.invokeMethod(MethodInvocationHelper.java:139)
at org.testng.internal.invokers.MethodInvocationHelper.invokeMethodConsideringTimeout(MethodInvocationHelper.java:69)
at org.testng.internal.invokers.ConfigInvoker.invokeConfigurationMethod(ConfigInvoker.java:361)
at org.testng.internal.invokers.ConfigInvoker.invokeConfigurations(ConfigInvoker.java:296)
at org.testng.TestRunner.invokeTestConfigurations(TestRunner.java:644)
at org.testng.TestRunner.beforeRun(TestRunner.java:633)
at org.testng.TestRunner.run(TestRunner.java:595)
at org.testng.SuiteRunner.runTest(SuiteRunner.java:437)
at org.testng.SuiteRunner$SuiteWorker.run(SuiteRunner.java:475)
at org.testng.internal.thread.ThreadUtil.lambda$execute$0(ThreadUtil.java:58)
at java.base/java.util.concurrent.FutureTask.run(FutureTask.java:264)
at java.base/java.util.concurrent.ThreadPoolExecutor.runWorker(ThreadPoolExecutor.java:1136)
at java.base/java.util.concurrent.ThreadPoolExecutor$Worker.run(ThreadPoolExecutor.java:635)
at java.base/java.lang.Thread.run(Thread.java:842)
]]>
            </full-stacktrace>
          </exception> <!-- org.openqa.selenium.SessionNotCreatedException -->
          <reporter-output>
          </reporter-output>
        </test-method> <!-- loginPageTitleTest -->
        <test-method signature="loginPageURLTest()[pri:0, instance:com.qa.opencart.tests.LoginPageTest@6bcc3f27]" started-at="2026-06-03T18:53:33 IST" name="loginPageURLTest" finished-at="2026-06-03T18:53:33 IST" duration-ms="0" status="SKIP">
          <exception class="org.openqa.selenium.SessionNotCreatedException">
            <message>
              <![CDATA[Could not start a new session. Response code 400. Message: Requested environment is not available 
Host info: host: 'DESKTOP-ELQ7VCQ', ip: '192.168.29.127'
Build info: version: '4.44.0', revision: 'da2039b'
System info: os.name: 'Windows 11', os.arch: 'amd64', os.version: '10.0', java.version: '17.0.12'
Driver info: org.openqa.selenium.remote.RemoteWebDriver
Command: [null, newSession {capabilities=[Capabilities {browserName: chrome, goog:chromeOptions: {args: [--headless=new, --no-sandbox, --disable-dev-shm-usage], extensions: []}, selenoid:options: {enableVNC: true}}]}]
Capabilities {browserName: chrome, goog:chromeOptions: {args: [--headless=new, --no-sandbox, --disable-dev-shm-usage], extensions: []}, selenoid:options: {enableVNC: true}}]]>
            </message>
            <full-stacktrace>
              <![CDATA[org.openqa.selenium.SessionNotCreatedException: Could not start a new session. Response code 400. Message: Requested environment is not available 
Host info: host: 'DESKTOP-ELQ7VCQ', ip: '192.168.29.127'
Build info: version: '4.44.0', revision: 'da2039b'
System info: os.name: 'Windows 11', os.arch: 'amd64', os.version: '10.0', java.version: '17.0.12'
Driver info: org.openqa.selenium.remote.RemoteWebDriver
Command: [null, newSession {capabilities=[Capabilities {browserName: chrome, goog:chromeOptions: {args: [--headless=new, --no-sandbox, --disable-dev-shm-usage], extensions: []}, selenoid:options: {enableVNC: true}}]}]
Capabilities {browserName: chrome, goog:chromeOptions: {args: [--headless=new, --no-sandbox, --disable-dev-shm-usage], extensions: []}, selenoid:options: {enableVNC: true}}
at org.openqa.selenium.remote.ProtocolHandshake.createSession(ProtocolHandshake.java:115)
at org.openqa.selenium.remote.ProtocolHandshake.createSession(ProtocolHandshake.java:76)
at org.openqa.selenium.remote.ProtocolHandshake.createSession(ProtocolHandshake.java:62)
at org.openqa.selenium.remote.HttpCommandExecutor.execute(HttpCommandExecutor.java:196)
at org.openqa.selenium.remote.TracedCommandExecutor.execute(TracedCommandExecutor.java:53)
at org.openqa.selenium.remote.RemoteWebDriver.execute(RemoteWebDriver.java:600)
at org.openqa.selenium.remote.RemoteWebDriver.startSession(RemoteWebDriver.java:284)
at org.openqa.selenium.remote.RemoteWebDriver.<init>(RemoteWebDriver.java:217)
at org.openqa.selenium.remote.RemoteWebDriver.<init>(RemoteWebDriver.java:176)
at org.openqa.selenium.remote.RemoteWebDriver.<init>(RemoteWebDriver.java:172)
at com.qa.opencart.factory.DriverFactory.init_remoteDriver(DriverFactory.java:92)
at com.qa.opencart.factory.DriverFactory.initDriver(DriverFactory.java:42)
at com.qa.opencart.base.BaseTest.setUp(BaseTest.java:46)
at java.base/jdk.internal.reflect.NativeMethodAccessorImpl.invoke0(Native Method)
at java.base/jdk.internal.reflect.NativeMethodAccessorImpl.invoke(NativeMethodAccessorImpl.java:77)
at java.base/jdk.internal.reflect.DelegatingMethodAccessorImpl.invoke(DelegatingMethodAccessorImpl.java:43)
at java.base/java.lang.reflect.Method.invoke(Method.java:568)
at org.testng.internal.invokers.MethodInvocationHelper.invokeMethod(MethodInvocationHelper.java:139)
at org.testng.internal.invokers.MethodInvocationHelper.invokeMethodConsideringTimeout(MethodInvocationHelper.java:69)
at org.testng.internal.invokers.ConfigInvoker.invokeConfigurationMethod(ConfigInvoker.java:361)
at org.testng.internal.invokers.ConfigInvoker.invokeConfigurations(ConfigInvoker.java:296)
at org.testng.TestRunner.invokeTestConfigurations(TestRunner.java:644)
at org.testng.TestRunner.beforeRun(TestRunner.java:633)
at org.testng.TestRunner.run(TestRunner.java:595)
at org.testng.SuiteRunner.runTest(SuiteRunner.java:437)
at org.testng.SuiteRunner$SuiteWorker.run(SuiteRunner.java:475)
at org.testng.internal.thread.ThreadUtil.lambda$execute$0(ThreadUtil.java:58)
at java.base/java.util.concurrent.FutureTask.run(FutureTask.java:264)
at java.base/java.util.concurrent.ThreadPoolExecutor.runWorker(ThreadPoolExecutor.java:1136)
at java.base/java.util.concurrent.ThreadPoolExecutor$Worker.run(ThreadPoolExecutor.java:635)
at java.base/java.lang.Thread.run(Thread.java:842)
]]>
            </full-stacktrace>
          </exception> <!-- org.openqa.selenium.SessionNotCreatedException -->
          <reporter-output>
          </reporter-output>
        </test-method> <!-- loginPageURLTest -->
        <test-method signature="logoExiststTest()[pri:0, instance:com.qa.opencart.tests.LoginPageTest@6bcc3f27]" started-at="2026-06-03T18:53:33 IST" name="logoExiststTest" finished-at="2026-06-03T18:53:33 IST" duration-ms="0" status="SKIP">
          <exception class="org.openqa.selenium.SessionNotCreatedException">
            <message>
              <![CDATA[Could not start a new session. Response code 400. Message: Requested environment is not available 
Host info: host: 'DESKTOP-ELQ7VCQ', ip: '192.168.29.127'
Build info: version: '4.44.0', revision: 'da2039b'
System info: os.name: 'Windows 11', os.arch: 'amd64', os.version: '10.0', java.version: '17.0.12'
Driver info: org.openqa.selenium.remote.RemoteWebDriver
Command: [null, newSession {capabilities=[Capabilities {browserName: chrome, goog:chromeOptions: {args: [--headless=new, --no-sandbox, --disable-dev-shm-usage], extensions: []}, selenoid:options: {enableVNC: true}}]}]
Capabilities {browserName: chrome, goog:chromeOptions: {args: [--headless=new, --no-sandbox, --disable-dev-shm-usage], extensions: []}, selenoid:options: {enableVNC: true}}]]>
            </message>
            <full-stacktrace>
              <![CDATA[org.openqa.selenium.SessionNotCreatedException: Could not start a new session. Response code 400. Message: Requested environment is not available 
Host info: host: 'DESKTOP-ELQ7VCQ', ip: '192.168.29.127'
Build info: version: '4.44.0', revision: 'da2039b'
System info: os.name: 'Windows 11', os.arch: 'amd64', os.version: '10.0', java.version: '17.0.12'
Driver info: org.openqa.selenium.remote.RemoteWebDriver
Command: [null, newSession {capabilities=[Capabilities {browserName: chrome, goog:chromeOptions: {args: [--headless=new, --no-sandbox, --disable-dev-shm-usage], extensions: []}, selenoid:options: {enableVNC: true}}]}]
Capabilities {browserName: chrome, goog:chromeOptions: {args: [--headless=new, --no-sandbox, --disable-dev-shm-usage], extensions: []}, selenoid:options: {enableVNC: true}}
at org.openqa.selenium.remote.ProtocolHandshake.createSession(ProtocolHandshake.java:115)
at org.openqa.selenium.remote.ProtocolHandshake.createSession(ProtocolHandshake.java:76)
at org.openqa.selenium.remote.ProtocolHandshake.createSession(ProtocolHandshake.java:62)
at org.openqa.selenium.remote.HttpCommandExecutor.execute(HttpCommandExecutor.java:196)
at org.openqa.selenium.remote.TracedCommandExecutor.execute(TracedCommandExecutor.java:53)
at org.openqa.selenium.remote.RemoteWebDriver.execute(RemoteWebDriver.java:600)
at org.openqa.selenium.remote.RemoteWebDriver.startSession(RemoteWebDriver.java:284)
at org.openqa.selenium.remote.RemoteWebDriver.<init>(RemoteWebDriver.java:217)
at org.openqa.selenium.remote.RemoteWebDriver.<init>(RemoteWebDriver.java:176)
at org.openqa.selenium.remote.RemoteWebDriver.<init>(RemoteWebDriver.java:172)
at com.qa.opencart.factory.DriverFactory.init_remoteDriver(DriverFactory.java:92)
at com.qa.opencart.factory.DriverFactory.initDriver(DriverFactory.java:42)
at com.qa.opencart.base.BaseTest.setUp(BaseTest.java:46)
at java.base/jdk.internal.reflect.NativeMethodAccessorImpl.invoke0(Native Method)
at java.base/jdk.internal.reflect.NativeMethodAccessorImpl.invoke(NativeMethodAccessorImpl.java:77)
at java.base/jdk.internal.reflect.DelegatingMethodAccessorImpl.invoke(DelegatingMethodAccessorImpl.java:43)
at java.base/java.lang.reflect.Method.invoke(Method.java:568)
at org.testng.internal.invokers.MethodInvocationHelper.invokeMethod(MethodInvocationHelper.java:139)
at org.testng.internal.invokers.MethodInvocationHelper.invokeMethodConsideringTimeout(MethodInvocationHelper.java:69)
at org.testng.internal.invokers.ConfigInvoker.invokeConfigurationMethod(ConfigInvoker.java:361)
at org.testng.internal.invokers.ConfigInvoker.invokeConfigurations(ConfigInvoker.java:296)
at org.testng.TestRunner.invokeTestConfigurations(TestRunner.java:644)
at org.testng.TestRunner.beforeRun(TestRunner.java:633)
at org.testng.TestRunner.run(TestRunner.java:595)
at org.testng.SuiteRunner.runTest(SuiteRunner.java:437)
at org.testng.SuiteRunner$SuiteWorker.run(SuiteRunner.java:475)
at org.testng.internal.thread.ThreadUtil.lambda$execute$0(ThreadUtil.java:58)
at java.base/java.util.concurrent.FutureTask.run(FutureTask.java:264)
at java.base/java.util.concurrent.ThreadPoolExecutor.runWorker(ThreadPoolExecutor.java:1136)
at java.base/java.util.concurrent.ThreadPoolExecutor$Worker.run(ThreadPoolExecutor.java:635)
at java.base/java.lang.Thread.run(Thread.java:842)
]]>
            </full-stacktrace>
          </exception> <!-- org.openqa.selenium.SessionNotCreatedException -->
          <reporter-output>
          </reporter-output>
        </test-method> <!-- logoExiststTest -->
        <test-method signature="loginTest()[pri:2147483647, instance:com.qa.opencart.tests.LoginPageTest@6bcc3f27]" started-at="2026-06-03T18:53:33 IST" name="loginTest" finished-at="2026-06-03T18:53:33 IST" duration-ms="0" status="SKIP">
          <exception class="org.openqa.selenium.SessionNotCreatedException">
            <message>
              <![CDATA[Could not start a new session. Response code 400. Message: Requested environment is not available 
Host info: host: 'DESKTOP-ELQ7VCQ', ip: '192.168.29.127'
Build info: version: '4.44.0', revision: 'da2039b'
System info: os.name: 'Windows 11', os.arch: 'amd64', os.version: '10.0', java.version: '17.0.12'
Driver info: org.openqa.selenium.remote.RemoteWebDriver
Command: [null, newSession {capabilities=[Capabilities {browserName: chrome, goog:chromeOptions: {args: [--headless=new, --no-sandbox, --disable-dev-shm-usage], extensions: []}, selenoid:options: {enableVNC: true}}]}]
Capabilities {browserName: chrome, goog:chromeOptions: {args: [--headless=new, --no-sandbox, --disable-dev-shm-usage], extensions: []}, selenoid:options: {enableVNC: true}}]]>
            </message>
            <full-stacktrace>
              <![CDATA[org.openqa.selenium.SessionNotCreatedException: Could not start a new session. Response code 400. Message: Requested environment is not available 
Host info: host: 'DESKTOP-ELQ7VCQ', ip: '192.168.29.127'
Build info: version: '4.44.0', revision: 'da2039b'
System info: os.name: 'Windows 11', os.arch: 'amd64', os.version: '10.0', java.version: '17.0.12'
Driver info: org.openqa.selenium.remote.RemoteWebDriver
Command: [null, newSession {capabilities=[Capabilities {browserName: chrome, goog:chromeOptions: {args: [--headless=new, --no-sandbox, --disable-dev-shm-usage], extensions: []}, selenoid:options: {enableVNC: true}}]}]
Capabilities {browserName: chrome, goog:chromeOptions: {args: [--headless=new, --no-sandbox, --disable-dev-shm-usage], extensions: []}, selenoid:options: {enableVNC: true}}
at org.openqa.selenium.remote.ProtocolHandshake.createSession(ProtocolHandshake.java:115)
at org.openqa.selenium.remote.ProtocolHandshake.createSession(ProtocolHandshake.java:76)
at org.openqa.selenium.remote.ProtocolHandshake.createSession(ProtocolHandshake.java:62)
at org.openqa.selenium.remote.HttpCommandExecutor.execute(HttpCommandExecutor.java:196)
at org.openqa.selenium.remote.TracedCommandExecutor.execute(TracedCommandExecutor.java:53)
at org.openqa.selenium.remote.RemoteWebDriver.execute(RemoteWebDriver.java:600)
at org.openqa.selenium.remote.RemoteWebDriver.startSession(RemoteWebDriver.java:284)
at org.openqa.selenium.remote.RemoteWebDriver.<init>(RemoteWebDriver.java:217)
at org.openqa.selenium.remote.RemoteWebDriver.<init>(RemoteWebDriver.java:176)
at org.openqa.selenium.remote.RemoteWebDriver.<init>(RemoteWebDriver.java:172)
at com.qa.opencart.factory.DriverFactory.init_remoteDriver(DriverFactory.java:92)
at com.qa.opencart.factory.DriverFactory.initDriver(DriverFactory.java:42)
at com.qa.opencart.base.BaseTest.setUp(BaseTest.java:46)
at java.base/jdk.internal.reflect.NativeMethodAccessorImpl.invoke0(Native Method)
at java.base/jdk.internal.reflect.NativeMethodAccessorImpl.invoke(NativeMethodAccessorImpl.java:77)
at java.base/jdk.internal.reflect.DelegatingMethodAccessorImpl.invoke(DelegatingMethodAccessorImpl.java:43)
at java.base/java.lang.reflect.Method.invoke(Method.java:568)
at org.testng.internal.invokers.MethodInvocationHelper.invokeMethod(MethodInvocationHelper.java:139)
at org.testng.internal.invokers.MethodInvocationHelper.invokeMethodConsideringTimeout(MethodInvocationHelper.java:69)
at org.testng.internal.invokers.ConfigInvoker.invokeConfigurationMethod(ConfigInvoker.java:361)
at org.testng.internal.invokers.ConfigInvoker.invokeConfigurations(ConfigInvoker.java:296)
at org.testng.TestRunner.invokeTestConfigurations(TestRunner.java:644)
at org.testng.TestRunner.beforeRun(TestRunner.java:633)
at org.testng.TestRunner.run(TestRunner.java:595)
at org.testng.SuiteRunner.runTest(SuiteRunner.java:437)
at org.testng.SuiteRunner$SuiteWorker.run(SuiteRunner.java:475)
at org.testng.internal.thread.ThreadUtil.lambda$execute$0(ThreadUtil.java:58)
at java.base/java.util.concurrent.FutureTask.run(FutureTask.java:264)
at java.base/java.util.concurrent.ThreadPoolExecutor.runWorker(ThreadPoolExecutor.java:1136)
at java.base/java.util.concurrent.ThreadPoolExecutor$Worker.run(ThreadPoolExecutor.java:635)
at java.base/java.lang.Thread.run(Thread.java:842)
]]>
            </full-stacktrace>
          </exception> <!-- org.openqa.selenium.SessionNotCreatedException -->
          <reporter-output>
          </reporter-output>
        </test-method> <!-- loginTest -->
        <test-method is-config="true" signature="tearDown()[pri:0, instance:com.qa.opencart.tests.LoginPageTest@6bcc3f27]" started-at="2026-06-03T18:53:33 IST" name="tearDown" finished-at="2026-06-03T18:53:33 IST" duration-ms="0" status="SKIP">
          <reporter-output>
          </reporter-output>
        </test-method> <!-- tearDown -->
      </class> <!-- com.qa.opencart.tests.LoginPageTest -->
    </test> <!-- Login Page Test -->
    <test started-at="2026-06-03T18:53:32 IST" name="Accounts Page Test" finished-at="2026-06-03T18:53:34 IST" duration-ms="1787">
      <class name="com.qa.opencart.tests.AccountsPageTest">
        <test-method is-config="true" signature="setUp(java.lang.String,java.lang.String)[pri:0, instance:com.qa.opencart.tests.AccountsPageTest@4a481728]" started-at="2026-06-03T18:53:32 IST" name="setUp" finished-at="2026-06-03T18:53:33 IST" duration-ms="953" status="FAIL">
          <params>
            <param index="0">
              <value>
                <![CDATA[chrome]]>
              </value>
            </param>
            <param index="1">
              <value>
                <![CDATA[113.0]]>
              </value>
            </param>
          </params>
          <exception class="org.openqa.selenium.SessionNotCreatedException">
            <message>
              <![CDATA[Could not start a new session. Response code 400. Message: Requested environment is not available 
Host info: host: 'DESKTOP-ELQ7VCQ', ip: '192.168.29.127'
Build info: version: '4.44.0', revision: 'da2039b'
System info: os.name: 'Windows 11', os.arch: 'amd64', os.version: '10.0', java.version: '17.0.12'
Driver info: org.openqa.selenium.remote.RemoteWebDriver
Command: [null, newSession {capabilities=[Capabilities {browserName: chrome, goog:chromeOptions: {args: [--headless=new, --no-sandbox, --disable-dev-shm-usage], extensions: []}, selenoid:options: {enableVNC: true}}]}]
Capabilities {browserName: chrome, goog:chromeOptions: {args: [--headless=new, --no-sandbox, --disable-dev-shm-usage], extensions: []}, selenoid:options: {enableVNC: true}}]]>
            </message>
            <full-stacktrace>
              <![CDATA[org.openqa.selenium.SessionNotCreatedException: Could not start a new session. Response code 400. Message: Requested environment is not available 
Host info: host: 'DESKTOP-ELQ7VCQ', ip: '192.168.29.127'
Build info: version: '4.44.0', revision: 'da2039b'
System info: os.name: 'Windows 11', os.arch: 'amd64', os.version: '10.0', java.version: '17.0.12'
Driver info: org.openqa.selenium.remote.RemoteWebDriver
Command: [null, newSession {capabilities=[Capabilities {browserName: chrome, goog:chromeOptions: {args: [--headless=new, --no-sandbox, --disable-dev-shm-usage], extensions: []}, selenoid:options: {enableVNC: true}}]}]
Capabilities {browserName: chrome, goog:chromeOptions: {args: [--headless=new, --no-sandbox, --disable-dev-shm-usage], extensions: []}, selenoid:options: {enableVNC: true}}
at org.openqa.selenium.remote.ProtocolHandshake.createSession(ProtocolHandshake.java:115)
at org.openqa.selenium.remote.ProtocolHandshake.createSession(ProtocolHandshake.java:76)
at org.openqa.selenium.remote.ProtocolHandshake.createSession(ProtocolHandshake.java:62)
at org.openqa.selenium.remote.HttpCommandExecutor.execute(HttpCommandExecutor.java:196)
at org.openqa.selenium.remote.TracedCommandExecutor.execute(TracedCommandExecutor.java:53)
at org.openqa.selenium.remote.RemoteWebDriver.execute(RemoteWebDriver.java:600)
at org.openqa.selenium.remote.RemoteWebDriver.startSession(RemoteWebDriver.java:284)
at org.openqa.selenium.remote.RemoteWebDriver.<init>(RemoteWebDriver.java:217)
at org.openqa.selenium.remote.RemoteWebDriver.<init>(RemoteWebDriver.java:176)
at org.openqa.selenium.remote.RemoteWebDriver.<init>(RemoteWebDriver.java:172)
at com.qa.opencart.factory.DriverFactory.init_remoteDriver(DriverFactory.java:92)
at com.qa.opencart.factory.DriverFactory.initDriver(DriverFactory.java:42)
at com.qa.opencart.base.BaseTest.setUp(BaseTest.java:46)
at java.base/jdk.internal.reflect.NativeMethodAccessorImpl.invoke0(Native Method)
at java.base/jdk.internal.reflect.NativeMethodAccessorImpl.invoke(NativeMethodAccessorImpl.java:77)
at java.base/jdk.internal.reflect.DelegatingMethodAccessorImpl.invoke(DelegatingMethodAccessorImpl.java:43)
at java.base/java.lang.reflect.Method.invoke(Method.java:568)
at org.testng.internal.invokers.MethodInvocationHelper.invokeMethod(MethodInvocationHelper.java:139)
at org.testng.internal.invokers.MethodInvocationHelper.invokeMethodConsideringTimeout(MethodInvocationHelper.java:69)
at org.testng.internal.invokers.ConfigInvoker.invokeConfigurationMethod(ConfigInvoker.java:361)
at org.testng.internal.invokers.ConfigInvoker.invokeConfigurations(ConfigInvoker.java:296)
at org.testng.TestRunner.invokeTestConfigurations(TestRunner.java:644)
at org.testng.TestRunner.beforeRun(TestRunner.java:633)
at org.testng.TestRunner.run(TestRunner.java:595)
at org.testng.SuiteRunner.runTest(SuiteRunner.java:437)
at org.testng.SuiteRunner$SuiteWorker.run(SuiteRunner.java:475)
at org.testng.internal.thread.ThreadUtil.lambda$execute$0(ThreadUtil.java:58)
at java.base/java.util.concurrent.FutureTask.run(FutureTask.java:264)
at java.base/java.util.concurrent.ThreadPoolExecutor.runWorker(ThreadPoolExecutor.java:1136)
at java.base/java.util.concurrent.ThreadPoolExecutor$Worker.run(ThreadPoolExecutor.java:635)
at java.base/java.lang.Thread.run(Thread.java:842)
]]>
            </full-stacktrace>
          </exception> <!-- org.openqa.selenium.SessionNotCreatedException -->
          <reporter-output>
          </reporter-output>
        </test-method> <!-- setUp -->
        <test-method is-config="true" signature="accSetup()[pri:0, instance:com.qa.opencart.tests.AccountsPageTest@4a481728]" started-at="2026-06-03T18:53:33 IST" name="accSetup" finished-at="2026-06-03T18:53:33 IST" duration-ms="0" status="SKIP">
          <reporter-output>
          </reporter-output>
        </test-method> <!-- accSetup -->
        <test-method signature="accPageTitleTest()[pri:0, instance:com.qa.opencart.tests.AccountsPageTest@4a481728]" started-at="2026-06-03T18:53:33 IST" name="accPageTitleTest" finished-at="2026-06-03T18:53:33 IST" duration-ms="1" status="SKIP">
          <exception class="org.openqa.selenium.SessionNotCreatedException">
            <message>
              <![CDATA[Could not start a new session. Response code 400. Message: Requested environment is not available 
Host info: host: 'DESKTOP-ELQ7VCQ', ip: '192.168.29.127'
Build info: version: '4.44.0', revision: 'da2039b'
System info: os.name: 'Windows 11', os.arch: 'amd64', os.version: '10.0', java.version: '17.0.12'
Driver info: org.openqa.selenium.remote.RemoteWebDriver
Command: [null, newSession {capabilities=[Capabilities {browserName: chrome, goog:chromeOptions: {args: [--headless=new, --no-sandbox, --disable-dev-shm-usage], extensions: []}, selenoid:options: {enableVNC: true}}]}]
Capabilities {browserName: chrome, goog:chromeOptions: {args: [--headless=new, --no-sandbox, --disable-dev-shm-usage], extensions: []}, selenoid:options: {enableVNC: true}}]]>
            </message>
            <full-stacktrace>
              <![CDATA[org.openqa.selenium.SessionNotCreatedException: Could not start a new session. Response code 400. Message: Requested environment is not available 
Host info: host: 'DESKTOP-ELQ7VCQ', ip: '192.168.29.127'
Build info: version: '4.44.0', revision: 'da2039b'
System info: os.name: 'Windows 11', os.arch: 'amd64', os.version: '10.0', java.version: '17.0.12'
Driver info: org.openqa.selenium.remote.RemoteWebDriver
Command: [null, newSession {capabilities=[Capabilities {browserName: chrome, goog:chromeOptions: {args: [--headless=new, --no-sandbox, --disable-dev-shm-usage], extensions: []}, selenoid:options: {enableVNC: true}}]}]
Capabilities {browserName: chrome, goog:chromeOptions: {args: [--headless=new, --no-sandbox, --disable-dev-shm-usage], extensions: []}, selenoid:options: {enableVNC: true}}
at org.openqa.selenium.remote.ProtocolHandshake.createSession(ProtocolHandshake.java:115)
at org.openqa.selenium.remote.ProtocolHandshake.createSession(ProtocolHandshake.java:76)
at org.openqa.selenium.remote.ProtocolHandshake.createSession(ProtocolHandshake.java:62)
at org.openqa.selenium.remote.HttpCommandExecutor.execute(HttpCommandExecutor.java:196)
at org.openqa.selenium.remote.TracedCommandExecutor.execute(TracedCommandExecutor.java:53)
at org.openqa.selenium.remote.RemoteWebDriver.execute(RemoteWebDriver.java:600)
at org.openqa.selenium.remote.RemoteWebDriver.startSession(RemoteWebDriver.java:284)
at org.openqa.selenium.remote.RemoteWebDriver.<init>(RemoteWebDriver.java:217)
at org.openqa.selenium.remote.RemoteWebDriver.<init>(RemoteWebDriver.java:176)
at org.openqa.selenium.remote.RemoteWebDriver.<init>(RemoteWebDriver.java:172)
at com.qa.opencart.factory.DriverFactory.init_remoteDriver(DriverFactory.java:92)
at com.qa.opencart.factory.DriverFactory.initDriver(DriverFactory.java:42)
at com.qa.opencart.base.BaseTest.setUp(BaseTest.java:46)
at java.base/jdk.internal.reflect.NativeMethodAccessorImpl.invoke0(Native Method)
at java.base/jdk.internal.reflect.NativeMethodAccessorImpl.invoke(NativeMethodAccessorImpl.java:77)
at java.base/jdk.internal.reflect.DelegatingMethodAccessorImpl.invoke(DelegatingMethodAccessorImpl.java:43)
at java.base/java.lang.reflect.Method.invoke(Method.java:568)
at org.testng.internal.invokers.MethodInvocationHelper.invokeMethod(MethodInvocationHelper.java:139)
at org.testng.internal.invokers.MethodInvocationHelper.invokeMethodConsideringTimeout(MethodInvocationHelper.java:69)
at org.testng.internal.invokers.ConfigInvoker.invokeConfigurationMethod(ConfigInvoker.java:361)
at org.testng.internal.invokers.ConfigInvoker.invokeConfigurations(ConfigInvoker.java:296)
at org.testng.TestRunner.invokeTestConfigurations(TestRunner.java:644)
at org.testng.TestRunner.beforeRun(TestRunner.java:633)
at org.testng.TestRunner.run(TestRunner.java:595)
at org.testng.SuiteRunner.runTest(SuiteRunner.java:437)
at org.testng.SuiteRunner$SuiteWorker.run(SuiteRunner.java:475)
at org.testng.internal.thread.ThreadUtil.lambda$execute$0(ThreadUtil.java:58)
at java.base/java.util.concurrent.FutureTask.run(FutureTask.java:264)
at java.base/java.util.concurrent.ThreadPoolExecutor.runWorker(ThreadPoolExecutor.java:1136)
at java.base/java.util.concurrent.ThreadPoolExecutor$Worker.run(ThreadPoolExecutor.java:635)
at java.base/java.lang.Thread.run(Thread.java:842)
]]>
            </full-stacktrace>
          </exception> <!-- org.openqa.selenium.SessionNotCreatedException -->
          <reporter-output>
          </reporter-output>
        </test-method> <!-- accPageTitleTest -->
        <test-method signature="accountsPageHeadersCountTest()[pri:0, instance:com.qa.opencart.tests.AccountsPageTest@4a481728]" started-at="2026-06-03T18:53:33 IST" name="accountsPageHeadersCountTest" finished-at="2026-06-03T18:53:33 IST" duration-ms="0" status="SKIP">
          <exception class="org.openqa.selenium.SessionNotCreatedException">
            <message>
              <![CDATA[Could not start a new session. Response code 400. Message: Requested environment is not available 
Host info: host: 'DESKTOP-ELQ7VCQ', ip: '192.168.29.127'
Build info: version: '4.44.0', revision: 'da2039b'
System info: os.name: 'Windows 11', os.arch: 'amd64', os.version: '10.0', java.version: '17.0.12'
Driver info: org.openqa.selenium.remote.RemoteWebDriver
Command: [null, newSession {capabilities=[Capabilities {browserName: chrome, goog:chromeOptions: {args: [--headless=new, --no-sandbox, --disable-dev-shm-usage], extensions: []}, selenoid:options: {enableVNC: true}}]}]
Capabilities {browserName: chrome, goog:chromeOptions: {args: [--headless=new, --no-sandbox, --disable-dev-shm-usage], extensions: []}, selenoid:options: {enableVNC: true}}]]>
            </message>
            <full-stacktrace>
              <![CDATA[org.openqa.selenium.SessionNotCreatedException: Could not start a new session. Response code 400. Message: Requested environment is not available 
Host info: host: 'DESKTOP-ELQ7VCQ', ip: '192.168.29.127'
Build info: version: '4.44.0', revision: 'da2039b'
System info: os.name: 'Windows 11', os.arch: 'amd64', os.version: '10.0', java.version: '17.0.12'
Driver info: org.openqa.selenium.remote.RemoteWebDriver
Command: [null, newSession {capabilities=[Capabilities {browserName: chrome, goog:chromeOptions: {args: [--headless=new, --no-sandbox, --disable-dev-shm-usage], extensions: []}, selenoid:options: {enableVNC: true}}]}]
Capabilities {browserName: chrome, goog:chromeOptions: {args: [--headless=new, --no-sandbox, --disable-dev-shm-usage], extensions: []}, selenoid:options: {enableVNC: true}}
at org.openqa.selenium.remote.ProtocolHandshake.createSession(ProtocolHandshake.java:115)
at org.openqa.selenium.remote.ProtocolHandshake.createSession(ProtocolHandshake.java:76)
at org.openqa.selenium.remote.ProtocolHandshake.createSession(ProtocolHandshake.java:62)
at org.openqa.selenium.remote.HttpCommandExecutor.execute(HttpCommandExecutor.java:196)
at org.openqa.selenium.remote.TracedCommandExecutor.execute(TracedCommandExecutor.java:53)
at org.openqa.selenium.remote.RemoteWebDriver.execute(RemoteWebDriver.java:600)
at org.openqa.selenium.remote.RemoteWebDriver.startSession(RemoteWebDriver.java:284)
at org.openqa.selenium.remote.RemoteWebDriver.<init>(RemoteWebDriver.java:217)
at org.openqa.selenium.remote.RemoteWebDriver.<init>(RemoteWebDriver.java:176)
at org.openqa.selenium.remote.RemoteWebDriver.<init>(RemoteWebDriver.java:172)
at com.qa.opencart.factory.DriverFactory.init_remoteDriver(DriverFactory.java:92)
at com.qa.opencart.factory.DriverFactory.initDriver(DriverFactory.java:42)
at com.qa.opencart.base.BaseTest.setUp(BaseTest.java:46)
at java.base/jdk.internal.reflect.NativeMethodAccessorImpl.invoke0(Native Method)
at java.base/jdk.internal.reflect.NativeMethodAccessorImpl.invoke(NativeMethodAccessorImpl.java:77)
at java.base/jdk.internal.reflect.DelegatingMethodAccessorImpl.invoke(DelegatingMethodAccessorImpl.java:43)
at java.base/java.lang.reflect.Method.invoke(Method.java:568)
at org.testng.internal.invokers.MethodInvocationHelper.invokeMethod(MethodInvocationHelper.java:139)
at org.testng.internal.invokers.MethodInvocationHelper.invokeMethodConsideringTimeout(MethodInvocationHelper.java:69)
at org.testng.internal.invokers.ConfigInvoker.invokeConfigurationMethod(ConfigInvoker.java:361)
at org.testng.internal.invokers.ConfigInvoker.invokeConfigurations(ConfigInvoker.java:296)
at org.testng.TestRunner.invokeTestConfigurations(TestRunner.java:644)
at org.testng.TestRunner.beforeRun(TestRunner.java:633)
at org.testng.TestRunner.run(TestRunner.java:595)
at org.testng.SuiteRunner.runTest(SuiteRunner.java:437)
at org.testng.SuiteRunner$SuiteWorker.run(SuiteRunner.java:475)
at org.testng.internal.thread.ThreadUtil.lambda$execute$0(ThreadUtil.java:58)
at java.base/java.util.concurrent.FutureTask.run(FutureTask.java:264)
at java.base/java.util.concurrent.ThreadPoolExecutor.runWorker(ThreadPoolExecutor.java:1136)
at java.base/java.util.concurrent.ThreadPoolExecutor$Worker.run(ThreadPoolExecutor.java:635)
at java.base/java.lang.Thread.run(Thread.java:842)
]]>
            </full-stacktrace>
          </exception> <!-- org.openqa.selenium.SessionNotCreatedException -->
          <reporter-output>
          </reporter-output>
        </test-method> <!-- accountsPageHeadersCountTest -->
        <test-method signature="accountsPageHeadersTest()[pri:0, instance:com.qa.opencart.tests.AccountsPageTest@4a481728]" started-at="2026-06-03T18:53:33 IST" name="accountsPageHeadersTest" finished-at="2026-06-03T18:53:33 IST" duration-ms="0" status="SKIP">
          <exception class="org.openqa.selenium.SessionNotCreatedException">
            <message>
              <![CDATA[Could not start a new session. Response code 400. Message: Requested environment is not available 
Host info: host: 'DESKTOP-ELQ7VCQ', ip: '192.168.29.127'
Build info: version: '4.44.0', revision: 'da2039b'
System info: os.name: 'Windows 11', os.arch: 'amd64', os.version: '10.0', java.version: '17.0.12'
Driver info: org.openqa.selenium.remote.RemoteWebDriver
Command: [null, newSession {capabilities=[Capabilities {browserName: chrome, goog:chromeOptions: {args: [--headless=new, --no-sandbox, --disable-dev-shm-usage], extensions: []}, selenoid:options: {enableVNC: true}}]}]
Capabilities {browserName: chrome, goog:chromeOptions: {args: [--headless=new, --no-sandbox, --disable-dev-shm-usage], extensions: []}, selenoid:options: {enableVNC: true}}]]>
            </message>
            <full-stacktrace>
              <![CDATA[org.openqa.selenium.SessionNotCreatedException: Could not start a new session. Response code 400. Message: Requested environment is not available 
Host info: host: 'DESKTOP-ELQ7VCQ', ip: '192.168.29.127'
Build info: version: '4.44.0', revision: 'da2039b'
System info: os.name: 'Windows 11', os.arch: 'amd64', os.version: '10.0', java.version: '17.0.12'
Driver info: org.openqa.selenium.remote.RemoteWebDriver
Command: [null, newSession {capabilities=[Capabilities {browserName: chrome, goog:chromeOptions: {args: [--headless=new, --no-sandbox, --disable-dev-shm-usage], extensions: []}, selenoid:options: {enableVNC: true}}]}]
Capabilities {browserName: chrome, goog:chromeOptions: {args: [--headless=new, --no-sandbox, --disable-dev-shm-usage], extensions: []}, selenoid:options: {enableVNC: true}}
at org.openqa.selenium.remote.ProtocolHandshake.createSession(ProtocolHandshake.java:115)
at org.openqa.selenium.remote.ProtocolHandshake.createSession(ProtocolHandshake.java:76)
at org.openqa.selenium.remote.ProtocolHandshake.createSession(ProtocolHandshake.java:62)
at org.openqa.selenium.remote.HttpCommandExecutor.execute(HttpCommandExecutor.java:196)
at org.openqa.selenium.remote.TracedCommandExecutor.execute(TracedCommandExecutor.java:53)
at org.openqa.selenium.remote.RemoteWebDriver.execute(RemoteWebDriver.java:600)
at org.openqa.selenium.remote.RemoteWebDriver.startSession(RemoteWebDriver.java:284)
at org.openqa.selenium.remote.RemoteWebDriver.<init>(RemoteWebDriver.java:217)
at org.openqa.selenium.remote.RemoteWebDriver.<init>(RemoteWebDriver.java:176)
at org.openqa.selenium.remote.RemoteWebDriver.<init>(RemoteWebDriver.java:172)
at com.qa.opencart.factory.DriverFactory.init_remoteDriver(DriverFactory.java:92)
at com.qa.opencart.factory.DriverFactory.initDriver(DriverFactory.java:42)
at com.qa.opencart.base.BaseTest.setUp(BaseTest.java:46)
at java.base/jdk.internal.reflect.NativeMethodAccessorImpl.invoke0(Native Method)
at java.base/jdk.internal.reflect.NativeMethodAccessorImpl.invoke(NativeMethodAccessorImpl.java:77)
at java.base/jdk.internal.reflect.DelegatingMethodAccessorImpl.invoke(DelegatingMethodAccessorImpl.java:43)
at java.base/java.lang.reflect.Method.invoke(Method.java:568)
at org.testng.internal.invokers.MethodInvocationHelper.invokeMethod(MethodInvocationHelper.java:139)
at org.testng.internal.invokers.MethodInvocationHelper.invokeMethodConsideringTimeout(MethodInvocationHelper.java:69)
at org.testng.internal.invokers.ConfigInvoker.invokeConfigurationMethod(ConfigInvoker.java:361)
at org.testng.internal.invokers.ConfigInvoker.invokeConfigurations(ConfigInvoker.java:296)
at org.testng.TestRunner.invokeTestConfigurations(TestRunner.java:644)
at org.testng.TestRunner.beforeRun(TestRunner.java:633)
at org.testng.TestRunner.run(TestRunner.java:595)
at org.testng.SuiteRunner.runTest(SuiteRunner.java:437)
at org.testng.SuiteRunner$SuiteWorker.run(SuiteRunner.java:475)
at org.testng.internal.thread.ThreadUtil.lambda$execute$0(ThreadUtil.java:58)
at java.base/java.util.concurrent.FutureTask.run(FutureTask.java:264)
at java.base/java.util.concurrent.ThreadPoolExecutor.runWorker(ThreadPoolExecutor.java:1136)
at java.base/java.util.concurrent.ThreadPoolExecutor$Worker.run(ThreadPoolExecutor.java:635)
at java.base/java.lang.Thread.run(Thread.java:842)
]]>
            </full-stacktrace>
          </exception> <!-- org.openqa.selenium.SessionNotCreatedException -->
          <reporter-output>
          </reporter-output>
        </test-method> <!-- accountsPageHeadersTest -->
        <test-method signature="isLogoutLinkExistTest()[pri:0, instance:com.qa.opencart.tests.AccountsPageTest@4a481728]" started-at="2026-06-03T18:53:33 IST" name="isLogoutLinkExistTest" finished-at="2026-06-03T18:53:33 IST" duration-ms="0" status="SKIP">
          <exception class="org.openqa.selenium.SessionNotCreatedException">
            <message>
              <![CDATA[Could not start a new session. Response code 400. Message: Requested environment is not available 
Host info: host: 'DESKTOP-ELQ7VCQ', ip: '192.168.29.127'
Build info: version: '4.44.0', revision: 'da2039b'
System info: os.name: 'Windows 11', os.arch: 'amd64', os.version: '10.0', java.version: '17.0.12'
Driver info: org.openqa.selenium.remote.RemoteWebDriver
Command: [null, newSession {capabilities=[Capabilities {browserName: chrome, goog:chromeOptions: {args: [--headless=new, --no-sandbox, --disable-dev-shm-usage], extensions: []}, selenoid:options: {enableVNC: true}}]}]
Capabilities {browserName: chrome, goog:chromeOptions: {args: [--headless=new, --no-sandbox, --disable-dev-shm-usage], extensions: []}, selenoid:options: {enableVNC: true}}]]>
            </message>
            <full-stacktrace>
              <![CDATA[org.openqa.selenium.SessionNotCreatedException: Could not start a new session. Response code 400. Message: Requested environment is not available 
Host info: host: 'DESKTOP-ELQ7VCQ', ip: '192.168.29.127'
Build info: version: '4.44.0', revision: 'da2039b'
System info: os.name: 'Windows 11', os.arch: 'amd64', os.version: '10.0', java.version: '17.0.12'
Driver info: org.openqa.selenium.remote.RemoteWebDriver
Command: [null, newSession {capabilities=[Capabilities {browserName: chrome, goog:chromeOptions: {args: [--headless=new, --no-sandbox, --disable-dev-shm-usage], extensions: []}, selenoid:options: {enableVNC: true}}]}]
Capabilities {browserName: chrome, goog:chromeOptions: {args: [--headless=new, --no-sandbox, --disable-dev-shm-usage], extensions: []}, selenoid:options: {enableVNC: true}}
at org.openqa.selenium.remote.ProtocolHandshake.createSession(ProtocolHandshake.java:115)
at org.openqa.selenium.remote.ProtocolHandshake.createSession(ProtocolHandshake.java:76)
at org.openqa.selenium.remote.ProtocolHandshake.createSession(ProtocolHandshake.java:62)
at org.openqa.selenium.remote.HttpCommandExecutor.execute(HttpCommandExecutor.java:196)
at org.openqa.selenium.remote.TracedCommandExecutor.execute(TracedCommandExecutor.java:53)
at org.openqa.selenium.remote.RemoteWebDriver.execute(RemoteWebDriver.java:600)
at org.openqa.selenium.remote.RemoteWebDriver.startSession(RemoteWebDriver.java:284)
at org.openqa.selenium.remote.RemoteWebDriver.<init>(RemoteWebDriver.java:217)
at org.openqa.selenium.remote.RemoteWebDriver.<init>(RemoteWebDriver.java:176)
at org.openqa.selenium.remote.RemoteWebDriver.<init>(RemoteWebDriver.java:172)
at com.qa.opencart.factory.DriverFactory.init_remoteDriver(DriverFactory.java:92)
at com.qa.opencart.factory.DriverFactory.initDriver(DriverFactory.java:42)
at com.qa.opencart.base.BaseTest.setUp(BaseTest.java:46)
at java.base/jdk.internal.reflect.NativeMethodAccessorImpl.invoke0(Native Method)
at java.base/jdk.internal.reflect.NativeMethodAccessorImpl.invoke(NativeMethodAccessorImpl.java:77)
at java.base/jdk.internal.reflect.DelegatingMethodAccessorImpl.invoke(DelegatingMethodAccessorImpl.java:43)
at java.base/java.lang.reflect.Method.invoke(Method.java:568)
at org.testng.internal.invokers.MethodInvocationHelper.invokeMethod(MethodInvocationHelper.java:139)
at org.testng.internal.invokers.MethodInvocationHelper.invokeMethodConsideringTimeout(MethodInvocationHelper.java:69)
at org.testng.internal.invokers.ConfigInvoker.invokeConfigurationMethod(ConfigInvoker.java:361)
at org.testng.internal.invokers.ConfigInvoker.invokeConfigurations(ConfigInvoker.java:296)
at org.testng.TestRunner.invokeTestConfigurations(TestRunner.java:644)
at org.testng.TestRunner.beforeRun(TestRunner.java:633)
at org.testng.TestRunner.run(TestRunner.java:595)
at org.testng.SuiteRunner.runTest(SuiteRunner.java:437)
at org.testng.SuiteRunner$SuiteWorker.run(SuiteRunner.java:475)
at org.testng.internal.thread.ThreadUtil.lambda$execute$0(ThreadUtil.java:58)
at java.base/java.util.concurrent.FutureTask.run(FutureTask.java:264)
at java.base/java.util.concurrent.ThreadPoolExecutor.runWorker(ThreadPoolExecutor.java:1136)
at java.base/java.util.concurrent.ThreadPoolExecutor$Worker.run(ThreadPoolExecutor.java:635)
at java.base/java.lang.Thread.run(Thread.java:842)
]]>
            </full-stacktrace>
          </exception> <!-- org.openqa.selenium.SessionNotCreatedException -->
          <reporter-output>
          </reporter-output>
        </test-method> <!-- isLogoutLinkExistTest -->
        <test-method signature="searchCountTest(java.lang.String,int)[pri:0, instance:com.qa.opencart.tests.AccountsPageTest@4a481728]" started-at="2026-06-03T18:53:33 IST" name="searchCountTest" data-provider="getSearchKey" finished-at="2026-06-03T18:53:33 IST" duration-ms="0" status="SKIP">
          <params>
            <param index="0">
              <value>
                <![CDATA[macbook]]>
              </value>
            </param>
            <param index="1">
              <value>
                <![CDATA[3]]>
              </value>
            </param>
          </params>
          <exception class="org.openqa.selenium.SessionNotCreatedException">
            <message>
              <![CDATA[Could not start a new session. Response code 400. Message: Requested environment is not available 
Host info: host: 'DESKTOP-ELQ7VCQ', ip: '192.168.29.127'
Build info: version: '4.44.0', revision: 'da2039b'
System info: os.name: 'Windows 11', os.arch: 'amd64', os.version: '10.0', java.version: '17.0.12'
Driver info: org.openqa.selenium.remote.RemoteWebDriver
Command: [null, newSession {capabilities=[Capabilities {browserName: chrome, goog:chromeOptions: {args: [--headless=new, --no-sandbox, --disable-dev-shm-usage], extensions: []}, selenoid:options: {enableVNC: true}}]}]
Capabilities {browserName: chrome, goog:chromeOptions: {args: [--headless=new, --no-sandbox, --disable-dev-shm-usage], extensions: []}, selenoid:options: {enableVNC: true}}]]>
            </message>
            <full-stacktrace>
              <![CDATA[org.openqa.selenium.SessionNotCreatedException: Could not start a new session. Response code 400. Message: Requested environment is not available 
Host info: host: 'DESKTOP-ELQ7VCQ', ip: '192.168.29.127'
Build info: version: '4.44.0', revision: 'da2039b'
System info: os.name: 'Windows 11', os.arch: 'amd64', os.version: '10.0', java.version: '17.0.12'
Driver info: org.openqa.selenium.remote.RemoteWebDriver
Command: [null, newSession {capabilities=[Capabilities {browserName: chrome, goog:chromeOptions: {args: [--headless=new, --no-sandbox, --disable-dev-shm-usage], extensions: []}, selenoid:options: {enableVNC: true}}]}]
Capabilities {browserName: chrome, goog:chromeOptions: {args: [--headless=new, --no-sandbox, --disable-dev-shm-usage], extensions: []}, selenoid:options: {enableVNC: true}}
at org.openqa.selenium.remote.ProtocolHandshake.createSession(ProtocolHandshake.java:115)
at org.openqa.selenium.remote.ProtocolHandshake.createSession(ProtocolHandshake.java:76)
at org.openqa.selenium.remote.ProtocolHandshake.createSession(ProtocolHandshake.java:62)
at org.openqa.selenium.remote.HttpCommandExecutor.execute(HttpCommandExecutor.java:196)
at org.openqa.selenium.remote.TracedCommandExecutor.execute(TracedCommandExecutor.java:53)
at org.openqa.selenium.remote.RemoteWebDriver.execute(RemoteWebDriver.java:600)
at org.openqa.selenium.remote.RemoteWebDriver.startSession(RemoteWebDriver.java:284)
at org.openqa.selenium.remote.RemoteWebDriver.<init>(RemoteWebDriver.java:217)
at org.openqa.selenium.remote.RemoteWebDriver.<init>(RemoteWebDriver.java:176)
at org.openqa.selenium.remote.RemoteWebDriver.<init>(RemoteWebDriver.java:172)
at com.qa.opencart.factory.DriverFactory.init_remoteDriver(DriverFactory.java:92)
at com.qa.opencart.factory.DriverFactory.initDriver(DriverFactory.java:42)
at com.qa.opencart.base.BaseTest.setUp(BaseTest.java:46)
at java.base/jdk.internal.reflect.NativeMethodAccessorImpl.invoke0(Native Method)
at java.base/jdk.internal.reflect.NativeMethodAccessorImpl.invoke(NativeMethodAccessorImpl.java:77)
at java.base/jdk.internal.reflect.DelegatingMethodAccessorImpl.invoke(DelegatingMethodAccessorImpl.java:43)
at java.base/java.lang.reflect.Method.invoke(Method.java:568)
at org.testng.internal.invokers.MethodInvocationHelper.invokeMethod(MethodInvocationHelper.java:139)
at org.testng.internal.invokers.MethodInvocationHelper.invokeMethodConsideringTimeout(MethodInvocationHelper.java:69)
at org.testng.internal.invokers.ConfigInvoker.invokeConfigurationMethod(ConfigInvoker.java:361)
at org.testng.internal.invokers.ConfigInvoker.invokeConfigurations(ConfigInvoker.java:296)
at org.testng.TestRunner.invokeTestConfigurations(TestRunner.java:644)
at org.testng.TestRunner.beforeRun(TestRunner.java:633)
at org.testng.TestRunner.run(TestRunner.java:595)
at org.testng.SuiteRunner.runTest(SuiteRunner.java:437)
at org.testng.SuiteRunner$SuiteWorker.run(SuiteRunner.java:475)
at org.testng.internal.thread.ThreadUtil.lambda$execute$0(ThreadUtil.java:58)
at java.base/java.util.concurrent.FutureTask.run(FutureTask.java:264)
at java.base/java.util.concurrent.ThreadPoolExecutor.runWorker(ThreadPoolExecutor.java:1136)
at java.base/java.util.concurrent.ThreadPoolExecutor$Worker.run(ThreadPoolExecutor.java:635)
at java.base/java.lang.Thread.run(Thread.java:842)
]]>
            </full-stacktrace>
          </exception> <!-- org.openqa.selenium.SessionNotCreatedException -->
          <reporter-output>
          </reporter-output>
        </test-method> <!-- searchCountTest -->
        <test-method signature="searchCountTest(java.lang.String,int)[pri:0, instance:com.qa.opencart.tests.AccountsPageTest@4a481728]" started-at="2026-06-03T18:53:34 IST" name="searchCountTest" data-provider="getSearchKey" finished-at="2026-06-03T18:53:34 IST" duration-ms="0" status="SKIP">
          <params>
            <param index="0">
              <value>
                <![CDATA[imac]]>
              </value>
            </param>
            <param index="1">
              <value>
                <![CDATA[1]]>
              </value>
            </param>
          </params>
          <exception class="org.openqa.selenium.SessionNotCreatedException">
            <message>
              <![CDATA[Could not start a new session. Response code 400. Message: Requested environment is not available 
Host info: host: 'DESKTOP-ELQ7VCQ', ip: '192.168.29.127'
Build info: version: '4.44.0', revision: 'da2039b'
System info: os.name: 'Windows 11', os.arch: 'amd64', os.version: '10.0', java.version: '17.0.12'
Driver info: org.openqa.selenium.remote.RemoteWebDriver
Command: [null, newSession {capabilities=[Capabilities {browserName: chrome, goog:chromeOptions: {args: [--headless=new, --no-sandbox, --disable-dev-shm-usage], extensions: []}, selenoid:options: {enableVNC: true}}]}]
Capabilities {browserName: chrome, goog:chromeOptions: {args: [--headless=new, --no-sandbox, --disable-dev-shm-usage], extensions: []}, selenoid:options: {enableVNC: true}}]]>
            </message>
            <full-stacktrace>
              <![CDATA[org.openqa.selenium.SessionNotCreatedException: Could not start a new session. Response code 400. Message: Requested environment is not available 
Host info: host: 'DESKTOP-ELQ7VCQ', ip: '192.168.29.127'
Build info: version: '4.44.0', revision: 'da2039b'
System info: os.name: 'Windows 11', os.arch: 'amd64', os.version: '10.0', java.version: '17.0.12'
Driver info: org.openqa.selenium.remote.RemoteWebDriver
Command: [null, newSession {capabilities=[Capabilities {browserName: chrome, goog:chromeOptions: {args: [--headless=new, --no-sandbox, --disable-dev-shm-usage], extensions: []}, selenoid:options: {enableVNC: true}}]}]
Capabilities {browserName: chrome, goog:chromeOptions: {args: [--headless=new, --no-sandbox, --disable-dev-shm-usage], extensions: []}, selenoid:options: {enableVNC: true}}
at org.openqa.selenium.remote.ProtocolHandshake.createSession(ProtocolHandshake.java:115)
at org.openqa.selenium.remote.ProtocolHandshake.createSession(ProtocolHandshake.java:76)
at org.openqa.selenium.remote.ProtocolHandshake.createSession(ProtocolHandshake.java:62)
at org.openqa.selenium.remote.HttpCommandExecutor.execute(HttpCommandExecutor.java:196)
at org.openqa.selenium.remote.TracedCommandExecutor.execute(TracedCommandExecutor.java:53)
at org.openqa.selenium.remote.RemoteWebDriver.execute(RemoteWebDriver.java:600)
at org.openqa.selenium.remote.RemoteWebDriver.startSession(RemoteWebDriver.java:284)
at org.openqa.selenium.remote.RemoteWebDriver.<init>(RemoteWebDriver.java:217)
at org.openqa.selenium.remote.RemoteWebDriver.<init>(RemoteWebDriver.java:176)
at org.openqa.selenium.remote.RemoteWebDriver.<init>(RemoteWebDriver.java:172)
at com.qa.opencart.factory.DriverFactory.init_remoteDriver(DriverFactory.java:92)
at com.qa.opencart.factory.DriverFactory.initDriver(DriverFactory.java:42)
at com.qa.opencart.base.BaseTest.setUp(BaseTest.java:46)
at java.base/jdk.internal.reflect.NativeMethodAccessorImpl.invoke0(Native Method)
at java.base/jdk.internal.reflect.NativeMethodAccessorImpl.invoke(NativeMethodAccessorImpl.java:77)
at java.base/jdk.internal.reflect.DelegatingMethodAccessorImpl.invoke(DelegatingMethodAccessorImpl.java:43)
at java.base/java.lang.reflect.Method.invoke(Method.java:568)
at org.testng.internal.invokers.MethodInvocationHelper.invokeMethod(MethodInvocationHelper.java:139)
at org.testng.internal.invokers.MethodInvocationHelper.invokeMethodConsideringTimeout(MethodInvocationHelper.java:69)
at org.testng.internal.invokers.ConfigInvoker.invokeConfigurationMethod(ConfigInvoker.java:361)
at org.testng.internal.invokers.ConfigInvoker.invokeConfigurations(ConfigInvoker.java:296)
at org.testng.TestRunner.invokeTestConfigurations(TestRunner.java:644)
at org.testng.TestRunner.beforeRun(TestRunner.java:633)
at org.testng.TestRunner.run(TestRunner.java:595)
at org.testng.SuiteRunner.runTest(SuiteRunner.java:437)
at org.testng.SuiteRunner$SuiteWorker.run(SuiteRunner.java:475)
at org.testng.internal.thread.ThreadUtil.lambda$execute$0(ThreadUtil.java:58)
at java.base/java.util.concurrent.FutureTask.run(FutureTask.java:264)
at java.base/java.util.concurrent.ThreadPoolExecutor.runWorker(ThreadPoolExecutor.java:1136)
at java.base/java.util.concurrent.ThreadPoolExecutor$Worker.run(ThreadPoolExecutor.java:635)
at java.base/java.lang.Thread.run(Thread.java:842)
]]>
            </full-stacktrace>
          </exception> <!-- org.openqa.selenium.SessionNotCreatedException -->
          <reporter-output>
          </reporter-output>
        </test-method> <!-- searchCountTest -->
        <test-method signature="searchCountTest(java.lang.String,int)[pri:0, instance:com.qa.opencart.tests.AccountsPageTest@4a481728]" started-at="2026-06-03T18:53:34 IST" name="searchCountTest" data-provider="getSearchKey" finished-at="2026-06-03T18:53:34 IST" duration-ms="0" status="SKIP">
          <params>
            <param index="0">
              <value>
                <![CDATA[samsung]]>
              </value>
            </param>
            <param index="1">
              <value>
                <![CDATA[2]]>
              </value>
            </param>
          </params>
          <exception class="org.openqa.selenium.SessionNotCreatedException">
            <message>
              <![CDATA[Could not start a new session. Response code 400. Message: Requested environment is not available 
Host info: host: 'DESKTOP-ELQ7VCQ', ip: '192.168.29.127'
Build info: version: '4.44.0', revision: 'da2039b'
System info: os.name: 'Windows 11', os.arch: 'amd64', os.version: '10.0', java.version: '17.0.12'
Driver info: org.openqa.selenium.remote.RemoteWebDriver
Command: [null, newSession {capabilities=[Capabilities {browserName: chrome, goog:chromeOptions: {args: [--headless=new, --no-sandbox, --disable-dev-shm-usage], extensions: []}, selenoid:options: {enableVNC: true}}]}]
Capabilities {browserName: chrome, goog:chromeOptions: {args: [--headless=new, --no-sandbox, --disable-dev-shm-usage], extensions: []}, selenoid:options: {enableVNC: true}}]]>
            </message>
            <full-stacktrace>
              <![CDATA[org.openqa.selenium.SessionNotCreatedException: Could not start a new session. Response code 400. Message: Requested environment is not available 
Host info: host: 'DESKTOP-ELQ7VCQ', ip: '192.168.29.127'
Build info: version: '4.44.0', revision: 'da2039b'
System info: os.name: 'Windows 11', os.arch: 'amd64', os.version: '10.0', java.version: '17.0.12'
Driver info: org.openqa.selenium.remote.RemoteWebDriver
Command: [null, newSession {capabilities=[Capabilities {browserName: chrome, goog:chromeOptions: {args: [--headless=new, --no-sandbox, --disable-dev-shm-usage], extensions: []}, selenoid:options: {enableVNC: true}}]}]
Capabilities {browserName: chrome, goog:chromeOptions: {args: [--headless=new, --no-sandbox, --disable-dev-shm-usage], extensions: []}, selenoid:options: {enableVNC: true}}
at org.openqa.selenium.remote.ProtocolHandshake.createSession(ProtocolHandshake.java:115)
at org.openqa.selenium.remote.ProtocolHandshake.createSession(ProtocolHandshake.java:76)
at org.openqa.selenium.remote.ProtocolHandshake.createSession(ProtocolHandshake.java:62)
at org.openqa.selenium.remote.HttpCommandExecutor.execute(HttpCommandExecutor.java:196)
at org.openqa.selenium.remote.TracedCommandExecutor.execute(TracedCommandExecutor.java:53)
at org.openqa.selenium.remote.RemoteWebDriver.execute(RemoteWebDriver.java:600)
at org.openqa.selenium.remote.RemoteWebDriver.startSession(RemoteWebDriver.java:284)
at org.openqa.selenium.remote.RemoteWebDriver.<init>(RemoteWebDriver.java:217)
at org.openqa.selenium.remote.RemoteWebDriver.<init>(RemoteWebDriver.java:176)
at org.openqa.selenium.remote.RemoteWebDriver.<init>(RemoteWebDriver.java:172)
at com.qa.opencart.factory.DriverFactory.init_remoteDriver(DriverFactory.java:92)
at com.qa.opencart.factory.DriverFactory.initDriver(DriverFactory.java:42)
at com.qa.opencart.base.BaseTest.setUp(BaseTest.java:46)
at java.base/jdk.internal.reflect.NativeMethodAccessorImpl.invoke0(Native Method)
at java.base/jdk.internal.reflect.NativeMethodAccessorImpl.invoke(NativeMethodAccessorImpl.java:77)
at java.base/jdk.internal.reflect.DelegatingMethodAccessorImpl.invoke(DelegatingMethodAccessorImpl.java:43)
at java.base/java.lang.reflect.Method.invoke(Method.java:568)
at org.testng.internal.invokers.MethodInvocationHelper.invokeMethod(MethodInvocationHelper.java:139)
at org.testng.internal.invokers.MethodInvocationHelper.invokeMethodConsideringTimeout(MethodInvocationHelper.java:69)
at org.testng.internal.invokers.ConfigInvoker.invokeConfigurationMethod(ConfigInvoker.java:361)
at org.testng.internal.invokers.ConfigInvoker.invokeConfigurations(ConfigInvoker.java:296)
at org.testng.TestRunner.invokeTestConfigurations(TestRunner.java:644)
at org.testng.TestRunner.beforeRun(TestRunner.java:633)
at org.testng.TestRunner.run(TestRunner.java:595)
at org.testng.SuiteRunner.runTest(SuiteRunner.java:437)
at org.testng.SuiteRunner$SuiteWorker.run(SuiteRunner.java:475)
at org.testng.internal.thread.ThreadUtil.lambda$execute$0(ThreadUtil.java:58)
at java.base/java.util.concurrent.FutureTask.run(FutureTask.java:264)
at java.base/java.util.concurrent.ThreadPoolExecutor.runWorker(ThreadPoolExecutor.java:1136)
at java.base/java.util.concurrent.ThreadPoolExecutor$Worker.run(ThreadPoolExecutor.java:635)
at java.base/java.lang.Thread.run(Thread.java:842)
]]>
            </full-stacktrace>
          </exception> <!-- org.openqa.selenium.SessionNotCreatedException -->
          <reporter-output>
          </reporter-output>
        </test-method> <!-- searchCountTest -->
        <test-method signature="searchTest(java.lang.String,java.lang.String)[pri:0, instance:com.qa.opencart.tests.AccountsPageTest@4a481728]" started-at="2026-06-03T18:53:34 IST" name="searchTest" data-provider="getSearchData" finished-at="2026-06-03T18:53:34 IST" duration-ms="0" status="SKIP">
          <params>
            <param index="0">
              <value>
                <![CDATA[macbook]]>
              </value>
            </param>
            <param index="1">
              <value>
                <![CDATA[MacBook Pro]]>
              </value>
            </param>
          </params>
          <exception class="org.openqa.selenium.SessionNotCreatedException">
            <message>
              <![CDATA[Could not start a new session. Response code 400. Message: Requested environment is not available 
Host info: host: 'DESKTOP-ELQ7VCQ', ip: '192.168.29.127'
Build info: version: '4.44.0', revision: 'da2039b'
System info: os.name: 'Windows 11', os.arch: 'amd64', os.version: '10.0', java.version: '17.0.12'
Driver info: org.openqa.selenium.remote.RemoteWebDriver
Command: [null, newSession {capabilities=[Capabilities {browserName: chrome, goog:chromeOptions: {args: [--headless=new, --no-sandbox, --disable-dev-shm-usage], extensions: []}, selenoid:options: {enableVNC: true}}]}]
Capabilities {browserName: chrome, goog:chromeOptions: {args: [--headless=new, --no-sandbox, --disable-dev-shm-usage], extensions: []}, selenoid:options: {enableVNC: true}}]]>
            </message>
            <full-stacktrace>
              <![CDATA[org.openqa.selenium.SessionNotCreatedException: Could not start a new session. Response code 400. Message: Requested environment is not available 
Host info: host: 'DESKTOP-ELQ7VCQ', ip: '192.168.29.127'
Build info: version: '4.44.0', revision: 'da2039b'
System info: os.name: 'Windows 11', os.arch: 'amd64', os.version: '10.0', java.version: '17.0.12'
Driver info: org.openqa.selenium.remote.RemoteWebDriver
Command: [null, newSession {capabilities=[Capabilities {browserName: chrome, goog:chromeOptions: {args: [--headless=new, --no-sandbox, --disable-dev-shm-usage], extensions: []}, selenoid:options: {enableVNC: true}}]}]
Capabilities {browserName: chrome, goog:chromeOptions: {args: [--headless=new, --no-sandbox, --disable-dev-shm-usage], extensions: []}, selenoid:options: {enableVNC: true}}
at org.openqa.selenium.remote.ProtocolHandshake.createSession(ProtocolHandshake.java:115)
at org.openqa.selenium.remote.ProtocolHandshake.createSession(ProtocolHandshake.java:76)
at org.openqa.selenium.remote.ProtocolHandshake.createSession(ProtocolHandshake.java:62)
at org.openqa.selenium.remote.HttpCommandExecutor.execute(HttpCommandExecutor.java:196)
at org.openqa.selenium.remote.TracedCommandExecutor.execute(TracedCommandExecutor.java:53)
at org.openqa.selenium.remote.RemoteWebDriver.execute(RemoteWebDriver.java:600)
at org.openqa.selenium.remote.RemoteWebDriver.startSession(RemoteWebDriver.java:284)
at org.openqa.selenium.remote.RemoteWebDriver.<init>(RemoteWebDriver.java:217)
at org.openqa.selenium.remote.RemoteWebDriver.<init>(RemoteWebDriver.java:176)
at org.openqa.selenium.remote.RemoteWebDriver.<init>(RemoteWebDriver.java:172)
at com.qa.opencart.factory.DriverFactory.init_remoteDriver(DriverFactory.java:92)
at com.qa.opencart.factory.DriverFactory.initDriver(DriverFactory.java:42)
at com.qa.opencart.base.BaseTest.setUp(BaseTest.java:46)
at java.base/jdk.internal.reflect.NativeMethodAccessorImpl.invoke0(Native Method)
at java.base/jdk.internal.reflect.NativeMethodAccessorImpl.invoke(NativeMethodAccessorImpl.java:77)
at java.base/jdk.internal.reflect.DelegatingMethodAccessorImpl.invoke(DelegatingMethodAccessorImpl.java:43)
at java.base/java.lang.reflect.Method.invoke(Method.java:568)
at org.testng.internal.invokers.MethodInvocationHelper.invokeMethod(MethodInvocationHelper.java:139)
at org.testng.internal.invokers.MethodInvocationHelper.invokeMethodConsideringTimeout(MethodInvocationHelper.java:69)
at org.testng.internal.invokers.ConfigInvoker.invokeConfigurationMethod(ConfigInvoker.java:361)
at org.testng.internal.invokers.ConfigInvoker.invokeConfigurations(ConfigInvoker.java:296)
at org.testng.TestRunner.invokeTestConfigurations(TestRunner.java:644)
at org.testng.TestRunner.beforeRun(TestRunner.java:633)
at org.testng.TestRunner.run(TestRunner.java:595)
at org.testng.SuiteRunner.runTest(SuiteRunner.java:437)
at org.testng.SuiteRunner$SuiteWorker.run(SuiteRunner.java:475)
at org.testng.internal.thread.ThreadUtil.lambda$execute$0(ThreadUtil.java:58)
at java.base/java.util.concurrent.FutureTask.run(FutureTask.java:264)
at java.base/java.util.concurrent.ThreadPoolExecutor.runWorker(ThreadPoolExecutor.java:1136)
at java.base/java.util.concurrent.ThreadPoolExecutor$Worker.run(ThreadPoolExecutor.java:635)
at java.base/java.lang.Thread.run(Thread.java:842)
]]>
            </full-stacktrace>
          </exception> <!-- org.openqa.selenium.SessionNotCreatedException -->
          <reporter-output>
          </reporter-output>
        </test-method> <!-- searchTest -->
        <test-method signature="searchTest(java.lang.String,java.lang.String)[pri:0, instance:com.qa.opencart.tests.AccountsPageTest@4a481728]" started-at="2026-06-03T18:53:34 IST" name="searchTest" data-provider="getSearchData" finished-at="2026-06-03T18:53:34 IST" duration-ms="0" status="SKIP">
          <params>
            <param index="0">
              <value>
                <![CDATA[macbook]]>
              </value>
            </param>
            <param index="1">
              <value>
                <![CDATA[MacBook Air]]>
              </value>
            </param>
          </params>
          <exception class="org.openqa.selenium.SessionNotCreatedException">
            <message>
              <![CDATA[Could not start a new session. Response code 400. Message: Requested environment is not available 
Host info: host: 'DESKTOP-ELQ7VCQ', ip: '192.168.29.127'
Build info: version: '4.44.0', revision: 'da2039b'
System info: os.name: 'Windows 11', os.arch: 'amd64', os.version: '10.0', java.version: '17.0.12'
Driver info: org.openqa.selenium.remote.RemoteWebDriver
Command: [null, newSession {capabilities=[Capabilities {browserName: chrome, goog:chromeOptions: {args: [--headless=new, --no-sandbox, --disable-dev-shm-usage], extensions: []}, selenoid:options: {enableVNC: true}}]}]
Capabilities {browserName: chrome, goog:chromeOptions: {args: [--headless=new, --no-sandbox, --disable-dev-shm-usage], extensions: []}, selenoid:options: {enableVNC: true}}]]>
            </message>
            <full-stacktrace>
              <![CDATA[org.openqa.selenium.SessionNotCreatedException: Could not start a new session. Response code 400. Message: Requested environment is not available 
Host info: host: 'DESKTOP-ELQ7VCQ', ip: '192.168.29.127'
Build info: version: '4.44.0', revision: 'da2039b'
System info: os.name: 'Windows 11', os.arch: 'amd64', os.version: '10.0', java.version: '17.0.12'
Driver info: org.openqa.selenium.remote.RemoteWebDriver
Command: [null, newSession {capabilities=[Capabilities {browserName: chrome, goog:chromeOptions: {args: [--headless=new, --no-sandbox, --disable-dev-shm-usage], extensions: []}, selenoid:options: {enableVNC: true}}]}]
Capabilities {browserName: chrome, goog:chromeOptions: {args: [--headless=new, --no-sandbox, --disable-dev-shm-usage], extensions: []}, selenoid:options: {enableVNC: true}}
at org.openqa.selenium.remote.ProtocolHandshake.createSession(ProtocolHandshake.java:115)
at org.openqa.selenium.remote.ProtocolHandshake.createSession(ProtocolHandshake.java:76)
at org.openqa.selenium.remote.ProtocolHandshake.createSession(ProtocolHandshake.java:62)
at org.openqa.selenium.remote.HttpCommandExecutor.execute(HttpCommandExecutor.java:196)
at org.openqa.selenium.remote.TracedCommandExecutor.execute(TracedCommandExecutor.java:53)
at org.openqa.selenium.remote.RemoteWebDriver.execute(RemoteWebDriver.java:600)
at org.openqa.selenium.remote.RemoteWebDriver.startSession(RemoteWebDriver.java:284)
at org.openqa.selenium.remote.RemoteWebDriver.<init>(RemoteWebDriver.java:217)
at org.openqa.selenium.remote.RemoteWebDriver.<init>(RemoteWebDriver.java:176)
at org.openqa.selenium.remote.RemoteWebDriver.<init>(RemoteWebDriver.java:172)
at com.qa.opencart.factory.DriverFactory.init_remoteDriver(DriverFactory.java:92)
at com.qa.opencart.factory.DriverFactory.initDriver(DriverFactory.java:42)
at com.qa.opencart.base.BaseTest.setUp(BaseTest.java:46)
at java.base/jdk.internal.reflect.NativeMethodAccessorImpl.invoke0(Native Method)
at java.base/jdk.internal.reflect.NativeMethodAccessorImpl.invoke(NativeMethodAccessorImpl.java:77)
at java.base/jdk.internal.reflect.DelegatingMethodAccessorImpl.invoke(DelegatingMethodAccessorImpl.java:43)
at java.base/java.lang.reflect.Method.invoke(Method.java:568)
at org.testng.internal.invokers.MethodInvocationHelper.invokeMethod(MethodInvocationHelper.java:139)
at org.testng.internal.invokers.MethodInvocationHelper.invokeMethodConsideringTimeout(MethodInvocationHelper.java:69)
at org.testng.internal.invokers.ConfigInvoker.invokeConfigurationMethod(ConfigInvoker.java:361)
at org.testng.internal.invokers.ConfigInvoker.invokeConfigurations(ConfigInvoker.java:296)
at org.testng.TestRunner.invokeTestConfigurations(TestRunner.java:644)
at org.testng.TestRunner.beforeRun(TestRunner.java:633)
at org.testng.TestRunner.run(TestRunner.java:595)
at org.testng.SuiteRunner.runTest(SuiteRunner.java:437)
at org.testng.SuiteRunner$SuiteWorker.run(SuiteRunner.java:475)
at org.testng.internal.thread.ThreadUtil.lambda$execute$0(ThreadUtil.java:58)
at java.base/java.util.concurrent.FutureTask.run(FutureTask.java:264)
at java.base/java.util.concurrent.ThreadPoolExecutor.runWorker(ThreadPoolExecutor.java:1136)
at java.base/java.util.concurrent.ThreadPoolExecutor$Worker.run(ThreadPoolExecutor.java:635)
at java.base/java.lang.Thread.run(Thread.java:842)
]]>
            </full-stacktrace>
          </exception> <!-- org.openqa.selenium.SessionNotCreatedException -->
          <reporter-output>
          </reporter-output>
        </test-method> <!-- searchTest -->
        <test-method signature="searchTest(java.lang.String,java.lang.String)[pri:0, instance:com.qa.opencart.tests.AccountsPageTest@4a481728]" started-at="2026-06-03T18:53:34 IST" name="searchTest" data-provider="getSearchData" finished-at="2026-06-03T18:53:34 IST" duration-ms="0" status="SKIP">
          <params>
            <param index="0">
              <value>
                <![CDATA[macbook]]>
              </value>
            </param>
            <param index="1">
[...]
at java.base/jdk.internal.reflect.NativeMethodAccessorImpl.invoke(NativeMethodAccessorImpl.java:77)
at java.base/jdk.internal.reflect.DelegatingMethodAccessorImpl.invoke(DelegatingMethodAccessorImpl.java:43)
at java.base/java.lang.reflect.Method.invoke(Method.java:568)
at org.testng.internal.invokers.MethodInvocationHelper.invokeMethod(MethodInvocationHelper.java:139)
at org.testng.internal.invokers.MethodInvocationHelper.invokeMethodConsideringTimeout(MethodInvocationHelper.java:69)
at org.testng.internal.invokers.ConfigInvoker.invokeConfigurationMethod(ConfigInvoker.java:361)
at org.testng.internal.invokers.ConfigInvoker.invokeConfigurations(ConfigInvoker.java:296)
at org.testng.TestRunner.invokeTestConfigurations(TestRunner.java:644)
at org.testng.TestRunner.afterRun(TestRunner.java:914)
at org.testng.TestRunner.run(TestRunner.java:605)
at org.testng.SuiteRunner.runTest(SuiteRunner.java:437)
at org.testng.SuiteRunner$SuiteWorker.run(SuiteRunner.java:475)
at org.testng.internal.thread.ThreadUtil.lambda$execute$0(ThreadUtil.java:58)
at java.base/java.util.concurrent.FutureTask.run(FutureTask.java:264)
at java.base/java.util.concurrent.ThreadPoolExecutor.runWorker(ThreadPoolExecutor.java:1136)
at java.base/java.util.concurrent.ThreadPoolExecutor$Worker.run(ThreadPoolExecutor.java:635)
at java.base/java.lang.Thread.run(Thread.java:842)
]]>
            </full-stacktrace>
          </exception> <!-- org.openqa.selenium.NoSuchSessionException -->
          <reporter-output>
          </reporter-output>
        </test-method> <!-- tearDown -->
      </class> <!-- com.qa.opencart.tests.RegisterPageTest -->
    </test> <!-- Register Page Test -->
    <test started-at="2026-06-03T18:53:32 IST" name="ProductInfo Page Test" finished-at="2026-06-03T18:56:53 IST" duration-ms="201013">
      <class name="com.qa.opencart.tests.ProductInfoPageTest">
        <test-method is-config="true" signature="setUp(java.lang.String,java.lang.String)[pri:0, instance:com.qa.opencart.tests.ProductInfoPageTest@2e32fc22]" started-at="2026-06-03T18:53:32 IST" name="setUp" finished-at="2026-06-03T18:53:39 IST" duration-ms="6897" status="PASS">
          <params>
            <param index="0">
              <value>
                <![CDATA[firefox]]>
              </value>
            </param>
            <param index="1">
              <value>
                <![CDATA[124.0]]>
              </value>
            </param>
          </params>
          <reporter-output>
          </reporter-output>
        </test-method> <!-- setUp -->
        <test-method is-config="true" signature="productInfoSetup()[pri:0, instance:com.qa.opencart.tests.ProductInfoPageTest@2e32fc22]" started-at="2026-06-03T18:53:39 IST" name="productInfoSetup" finished-at="2026-06-03T18:53:40 IST" duration-ms="950" status="PASS">
          <reporter-output>
          </reporter-output>
        </test-method> <!-- productInfoSetup -->
        <test-method retried="true" signature="productHeaderTest()[pri:0, instance:com.qa.opencart.tests.ProductInfoPageTest@2e32fc22]" started-at="2026-06-03T18:53:40 IST" name="productHeaderTest" finished-at="2026-06-03T18:53:40 IST" duration-ms="309" status="SKIP">
          <exception class="org.openqa.selenium.StaleElementReferenceException">
            <message>
              <![CDATA[The element with the reference 1fdc3f94-723e-4912-83f8-7cc9b8b982ea is stale; either its node document is not the active document, or it is no longer connected to the DOM
For documentation on this error, please visit: https://www.selenium.dev/documentation/webdriver/troubleshooting/errors#staleelementreferenceexception
Build info: version: '4.44.0', revision: 'da2039b'
System info: os.name: 'Windows 11', os.arch: 'amd64', os.version: '10.0', java.version: '17.0.12'
Driver info: org.openqa.selenium.remote.RemoteWebDriver
Command: [d6c0e6d5-6d02-41ce-8853-a90f211b8852, clearElement {id=1fdc3f94-723e-4912-83f8-7cc9b8b982ea}]
Capabilities {acceptInsecureCerts: true, browserName: firefox, browserVersion: 125.0.2, moz:accessibilityChecks: false, moz:buildID: 20240419144423, moz:geckodriverVersion: 0.34.0, moz:headless: false, moz:platformVersion: 6.18.25-57.109.amzn2023.x86_64, moz:processID: 71, moz:profile: /tmp/rust_mozprofilep8I64i, moz:shutdownTimeout: 60000, moz:webdriverClick: true, moz:windowless: false, pageLoadStrategy: normal, platformName: linux, proxy: Proxy(), se:cdp: ws://13.200.212.209:4444/de..., se:cdpVersion: 125.0.2, setWindowRect: true, strictFileInteractability: false, timeouts: {implicit: 0, pageLoad: 300000, script: 30000}, unhandledPromptBehavior: dismiss and notify, userAgent: Mozilla/5.0 (X11; Ubuntu; L...}
Element: [[RemoteWebDriver: firefox on linux (d6c0e6d5-6d02-41ce-8853-a90f211b8852)] -> name: search]
Session ID: d6c0e6d5-6d02-41ce-8853-a90f211b8852]]>
            </message>
            <full-stacktrace>
              <![CDATA[org.openqa.selenium.StaleElementReferenceException: The element with the reference 1fdc3f94-723e-4912-83f8-7cc9b8b982ea is stale; either its node document is not the active document, or it is no longer connected to the DOM
For documentation on this error, please visit: https://www.selenium.dev/documentation/webdriver/troubleshooting/errors#staleelementreferenceexception
Build info: version: '4.44.0', revision: 'da2039b'
System info: os.name: 'Windows 11', os.arch: 'amd64', os.version: '10.0', java.version: '17.0.12'
Driver info: org.openqa.selenium.remote.RemoteWebDriver
Command: [d6c0e6d5-6d02-41ce-8853-a90f211b8852, clearElement {id=1fdc3f94-723e-4912-83f8-7cc9b8b982ea}]
Capabilities {acceptInsecureCerts: true, browserName: firefox, browserVersion: 125.0.2, moz:accessibilityChecks: false, moz:buildID: 20240419144423, moz:geckodriverVersion: 0.34.0, moz:headless: false, moz:platformVersion: 6.18.25-57.109.amzn2023.x86_64, moz:processID: 71, moz:profile: /tmp/rust_mozprofilep8I64i, moz:shutdownTimeout: 60000, moz:webdriverClick: true, moz:windowless: false, pageLoadStrategy: normal, platformName: linux, proxy: Proxy(), se:cdp: ws://13.200.212.209:4444/de..., se:cdpVersion: 125.0.2, setWindowRect: true, strictFileInteractability: false, timeouts: {implicit: 0, pageLoad: 300000, script: 30000}, unhandledPromptBehavior: dismiss and notify, userAgent: Mozilla/5.0 (X11; Ubuntu; L...}
Element: [[RemoteWebDriver: firefox on linux (d6c0e6d5-6d02-41ce-8853-a90f211b8852)] -> name: search]
Session ID: d6c0e6d5-6d02-41ce-8853-a90f211b8852
at org.openqa.selenium.remote.ErrorCodec.decode(ErrorCodec.java:169)
at org.openqa.selenium.remote.codec.w3c.W3CHttpResponseCodec.decode(W3CHttpResponseCodec.java:143)
at org.openqa.selenium.remote.codec.w3c.W3CHttpResponseCodec.decode(W3CHttpResponseCodec.java:50)
at org.openqa.selenium.remote.HttpCommandExecutor.execute(HttpCommandExecutor.java:224)
at org.openqa.selenium.remote.TracedCommandExecutor.execute(TracedCommandExecutor.java:53)
at org.openqa.selenium.remote.RemoteWebDriver.execute(RemoteWebDriver.java:600)
at org.openqa.selenium.remote.RemoteWebElement.execute(RemoteWebElement.java:225)
at org.openqa.selenium.remote.RemoteWebElement.clear(RemoteWebElement.java:131)
at com.qa.opencart.utils.ElementUtil.doSendKeys(ElementUtil.java:55)
at com.qa.opencart.pges.AccountsPage.doSearch(AccountsPage.java:69)
at com.qa.opencart.tests.ProductInfoPageTest.productHeaderTest(ProductInfoPageTest.java:22)
at java.base/jdk.internal.reflect.NativeMethodAccessorImpl.invoke0(Native Method)
at java.base/jdk.internal.reflect.NativeMethodAccessorImpl.invoke(NativeMethodAccessorImpl.java:77)
at java.base/jdk.internal.reflect.DelegatingMethodAccessorImpl.invoke(DelegatingMethodAccessorImpl.java:43)
at java.base/java.lang.reflect.Method.invoke(Method.java:568)
at org.testng.internal.invokers.MethodInvocationHelper.invokeMethod(MethodInvocationHelper.java:139)
at org.testng.internal.invokers.TestInvoker.invokeMethod(TestInvoker.java:677)
at org.testng.internal.invokers.TestInvoker.invokeTestMethod(TestInvoker.java:221)
at org.testng.internal.invokers.MethodRunner.runInSequence(MethodRunner.java:50)
at org.testng.internal.invokers.TestInvoker$MethodInvocationAgent.invoke(TestInvoker.java:969)
at org.testng.internal.invokers.TestInvoker.invokeTestMethods(TestInvoker.java:194)
at org.testng.internal.invokers.TestMethodWorker.invokeTestMethods(TestMethodWorker.java:148)
at org.testng.internal.invokers.TestMethodWorker.run(TestMethodWorker.java:128)
at java.base/java.util.ArrayList.forEach(ArrayList.java:1511)
at org.testng.TestRunner.privateRun(TestRunner.java:829)
at org.testng.TestRunner.run(TestRunner.java:602)
at org.testng.SuiteRunner.runTest(SuiteRunner.java:437)
at org.testng.SuiteRunner$SuiteWorker.run(SuiteRunner.java:475)
at org.testng.internal.thread.ThreadUtil.lambda$execute$0(ThreadUtil.java:58)
at java.base/java.util.concurrent.FutureTask.run(FutureTask.java:264)
at java.base/java.util.concurrent.ThreadPoolExecutor.runWorker(ThreadPoolExecutor.java:1136)
at java.base/java.util.concurrent.ThreadPoolExecutor$Worker.run(ThreadPoolExecutor.java:635)
at java.base/java.lang.Thread.run(Thread.java:842)
]]>
            </full-stacktrace>
          </exception> <!-- org.openqa.selenium.StaleElementReferenceException -->
          <reporter-output>
          </reporter-output>
        </test-method> <!-- productHeaderTest -->
        <test-method signature="productHeaderTest()[pri:0, instance:com.qa.opencart.tests.ProductInfoPageTest@2e32fc22]" started-at="2026-06-03T18:53:40 IST" name="productHeaderTest" finished-at="2026-06-03T18:53:42 IST" duration-ms="1824" status="PASS">
          <reporter-output>
          </reporter-output>
        </test-method> <!-- productHeaderTest -->
        <test-method signature="productImagesCountTest(java.lang.String,java.lang.String,int)[pri:0, instance:com.qa.opencart.tests.ProductInfoPageTest@2e32fc22]" started-at="2026-06-03T18:53:42 IST" name="productImagesCountTest" data-provider="getProductImagesCountData" finished-at="2026-06-03T18:53:44 IST" duration-ms="1643" status="PASS">
          <params>
            <param index="0">
              <value>
                <![CDATA[macbook]]>
              </value>
            </param>
            <param index="1">
              <value>
                <![CDATA[MacBook Pro]]>
              </value>
            </param>
            <param index="2">
              <value>
                <![CDATA[4]]>
              </value>
            </param>
          </params>
          <reporter-output>
          </reporter-output>
        </test-method> <!-- productImagesCountTest -->
        <test-method signature="productImagesCountTest(java.lang.String,java.lang.String,int)[pri:0, instance:com.qa.opencart.tests.ProductInfoPageTest@2e32fc22]" started-at="2026-06-03T18:53:44 IST" name="productImagesCountTest" data-provider="getProductImagesCountData" finished-at="2026-06-03T18:53:46 IST" duration-ms="1770" status="PASS">
          <params>
            <param index="0">
              <value>
                <![CDATA[imac]]>
              </value>
            </param>
            <param index="1">
              <value>
                <![CDATA[iMac]]>
              </value>
            </param>
            <param index="2">
              <value>
                <![CDATA[3]]>
              </value>
            </param>
          </params>
          <reporter-output>
          </reporter-output>
        </test-method> <!-- productImagesCountTest -->
        <test-method signature="productImagesCountTest(java.lang.String,java.lang.String,int)[pri:0, instance:com.qa.opencart.tests.ProductInfoPageTest@2e32fc22]" started-at="2026-06-03T18:53:46 IST" name="productImagesCountTest" data-provider="getProductImagesCountData" finished-at="2026-06-03T18:53:47 IST" duration-ms="1726" status="PASS">
          <params>
            <param index="0">
              <value>
                <![CDATA[samsung]]>
              </value>
            </param>
            <param index="1">
              <value>
                <![CDATA[Samsung SyncMaster 941BW]]>
              </value>
            </param>
            <param index="2">
              <value>
                <![CDATA[1]]>
              </value>
            </param>
          </params>
          <reporter-output>
          </reporter-output>
        </test-method> <!-- productImagesCountTest -->
        <test-method signature="productImagesCountTest(java.lang.String,java.lang.String,int)[pri:0, instance:com.qa.opencart.tests.ProductInfoPageTest@2e32fc22]" started-at="2026-06-03T18:53:47 IST" name="productImagesCountTest" data-provider="getProductImagesCountData" finished-at="2026-06-03T18:53:49 IST" duration-ms="1904" status="PASS">
          <params>
            <param index="0">
              <value>
                <![CDATA[samsung]]>
              </value>
            </param>
            <param index="1">
              <value>
                <![CDATA[Samsung Galaxy Tab 10.1]]>
              </value>
            </param>
            <param index="2">
              <value>
                <![CDATA[7]]>
              </value>
            </param>
          </params>
          <reporter-output>
          </reporter-output>
        </test-method> <!-- productImagesCountTest -->
        <test-method signature="productImagesCountTest(java.lang.String,java.lang.String,int)[pri:0, instance:com.qa.opencart.tests.ProductInfoPageTest@2e32fc22]" started-at="2026-06-03T18:53:49 IST" name="productImagesCountTest" data-provider="getProductImagesCountData" finished-at="2026-06-03T18:53:51 IST" duration-ms="1679" status="PASS">
          <params>
            <param index="0">
              <value>
                <![CDATA[canon]]>
              </value>
            </param>
            <param index="1">
              <value>
                <![CDATA[Canon EOS 5D]]>
              </value>
            </param>
            <param index="2">
              <value>
                <![CDATA[3]]>
              </value>
            </param>
          </params>
          <reporter-output>
          </reporter-output>
        </test-method> <!-- productImagesCountTest -->
        <test-method signature="productInfoTest()[pri:0, instance:com.qa.opencart.tests.ProductInfoPageTest@2e32fc22]" started-at="2026-06-03T18:53:51 IST" name="productInfoTest" finished-at="2026-06-03T18:53:53 IST" duration-ms="2223" status="PASS">
          <reporter-output>
          </reporter-output>
        </test-method> <!-- productInfoTest -->
        <test-method is-config="true" signature="tearDown()[pri:0, instance:com.qa.opencart.tests.ProductInfoPageTest@2e32fc22]" started-at="2026-06-03T18:53:53 IST" name="tearDown" finished-at="2026-06-03T18:56:53 IST" duration-ms="180021" status="FAIL">
          <exception class="org.openqa.selenium.TimeoutException">
            <message>
              <![CDATA[java.util.concurrent.TimeoutException
Build info: version: '4.44.0', revision: 'da2039b'
System info: os.name: 'Windows 11', os.arch: 'amd64', os.version: '10.0', java.version: '17.0.12'
Driver info: org.openqa.selenium.remote.RemoteWebDriver
Command: [d6c0e6d5-6d02-41ce-8853-a90f211b8852, quit {}]
Capabilities {acceptInsecureCerts: true, browserName: firefox, browserVersion: 125.0.2, moz:accessibilityChecks: false, moz:buildID: 20240419144423, moz:geckodriverVersion: 0.34.0, moz:headless: false, moz:platformVersion: 6.18.25-57.109.amzn2023.x86_64, moz:processID: 71, moz:profile: /tmp/rust_mozprofilep8I64i, moz:shutdownTimeout: 60000, moz:webdriverClick: true, moz:windowless: false, pageLoadStrategy: normal, platformName: linux, proxy: Proxy(), se:cdp: ws://13.200.212.209:4444/de..., se:cdpVersion: 125.0.2, setWindowRect: true, strictFileInteractability: false, timeouts: {implicit: 0, pageLoad: 300000, script: 30000}, unhandledPromptBehavior: dismiss and notify, userAgent: Mozilla/5.0 (X11; Ubuntu; L...}]]>
            </message>
            <full-stacktrace>
              <![CDATA[org.openqa.selenium.TimeoutException: java.util.concurrent.TimeoutException
Build info: version: '4.44.0', revision: 'da2039b'
System info: os.name: 'Windows 11', os.arch: 'amd64', os.version: '10.0', java.version: '17.0.12'
Driver info: org.openqa.selenium.remote.RemoteWebDriver
Command: [d6c0e6d5-6d02-41ce-8853-a90f211b8852, quit {}]
Capabilities {acceptInsecureCerts: true, browserName: firefox, browserVersion: 125.0.2, moz:accessibilityChecks: false, moz:buildID: 20240419144423, moz:geckodriverVersion: 0.34.0, moz:headless: false, moz:platformVersion: 6.18.25-57.109.amzn2023.x86_64, moz:processID: 71, moz:profile: /tmp/rust_mozprofilep8I64i, moz:shutdownTimeout: 60000, moz:webdriverClick: true, moz:windowless: false, pageLoadStrategy: normal, platformName: linux, proxy: Proxy(), se:cdp: ws://13.200.212.209:4444/de..., se:cdpVersion: 125.0.2, setWindowRect: true, strictFileInteractability: false, timeouts: {implicit: 0, pageLoad: 300000, script: 30000}, unhandledPromptBehavior: dismiss and notify, userAgent: Mozilla/5.0 (X11; Ubuntu; L...}
at org.openqa.selenium.remote.http.jdk.JdkHttpClient.execute(JdkHttpClient.java:428)
at org.openqa.selenium.remote.tracing.TracedHttpClient.execute(TracedHttpClient.java:54)
at org.openqa.selenium.remote.HttpCommandExecutor.execute(HttpCommandExecutor.java:221)
at org.openqa.selenium.remote.TracedCommandExecutor.execute(TracedCommandExecutor.java:53)
at org.openqa.selenium.remote.RemoteWebDriver.execute(RemoteWebDriver.java:600)
at org.openqa.selenium.remote.RemoteWebDriver.execute(RemoteWebDriver.java:682)
at org.openqa.selenium.remote.RemoteWebDriver.execute(RemoteWebDriver.java:686)
at org.openqa.selenium.remote.RemoteWebDriver.quit(RemoteWebDriver.java:499)
at com.qa.opencart.base.BaseTest.tearDown(BaseTest.java:58)
at java.base/jdk.internal.reflect.NativeMethodAccessorImpl.invoke0(Native Method)
at java.base/jdk.internal.reflect.NativeMethodAccessorImpl.invoke(NativeMethodAccessorImpl.java:77)
at java.base/jdk.internal.reflect.DelegatingMethodAccessorImpl.invoke(DelegatingMethodAccessorImpl.java:43)
at java.base/java.lang.reflect.Method.invoke(Method.java:568)
at org.testng.internal.invokers.MethodInvocationHelper.invokeMethod(MethodInvocationHelper.java:139)
at org.testng.internal.invokers.MethodInvocationHelper.invokeMethodConsideringTimeout(MethodInvocationHelper.java:69)
at org.testng.internal.invokers.ConfigInvoker.invokeConfigurationMethod(ConfigInvoker.java:361)
at org.testng.internal.invokers.ConfigInvoker.invokeConfigurations(ConfigInvoker.java:296)
at org.testng.TestRunner.invokeTestConfigurations(TestRunner.java:644)
at org.testng.TestRunner.afterRun(TestRunner.java:914)
at org.testng.TestRunner.run(TestRunner.java:605)
at org.testng.SuiteRunner.runTest(SuiteRunner.java:437)
at org.testng.SuiteRunner$SuiteWorker.run(SuiteRunner.java:475)
at org.testng.internal.thread.ThreadUtil.lambda$execute$0(ThreadUtil.java:58)
at java.base/java.util.concurrent.FutureTask.run(FutureTask.java:264)
at java.base/java.util.concurrent.ThreadPoolExecutor.runWorker(ThreadPoolExecutor.java:1136)
at java.base/java.util.concurrent.ThreadPoolExecutor$Worker.run(ThreadPoolExecutor.java:635)
at java.base/java.lang.Thread.run(Thread.java:842)
Caused by: java.util.concurrent.TimeoutException
at java.base/java.util.concurrent.CompletableFuture$Timeout.run(CompletableFuture.java:2874)
at java.base/java.util.concurrent.Executors$RunnableAdapter.call(Executors.java:539)
at java.base/java.util.concurrent.FutureTask.run(FutureTask.java:264)
at java.base/java.util.concurrent.ScheduledThreadPoolExecutor$ScheduledFutureTask.run(ScheduledThreadPoolExecutor.java:304)
... 3 more
]]>
            </full-stacktrace>
          </exception> <!-- org.openqa.selenium.TimeoutException -->
          <reporter-output>
          </reporter-output>
        </test-method> <!-- tearDown -->
      </class> <!-- com.qa.opencart.tests.ProductInfoPageTest -->
    </test> <!-- ProductInfo Page Test -->
  </suite> <!-- Opencart App Test Regression Suite -->
</testng-results>
