<?xml version="1.0" encoding="UTF-8"?>
<!-- Generated by org.testng.reporters.JUnitReportReporter -->
<testsuite hostname="LAPTOP-3LGPHJ70" failures="0" tests="7" name="com.qa.opencart.tests.ProductInfoPageTest" time="8.630" errors="0" timestamp="2026-05-13T17:19:46 IST" skipped="0">
  <testcase classname="com.qa.opencart.tests.ProductInfoPageTest" name="productInfoTest" time="1.181"/>
  <system-out/>
  <testcase classname="com.qa.opencart.tests.ProductInfoPageTest" name="productImagesCountTest" time="0.941"/>
  <system-out/>
  <testcase classname="com.qa.opencart.tests.ProductInfoPageTest" name="productImagesCountTest" time="1.109"/>
  <system-out/>
  <testcase classname="com.qa.opencart.tests.ProductInfoPageTest" name="productHeaderTest" time="2.120"/>
  <system-out/>
  <testcase classname="com.qa.opencart.tests.ProductInfoPageTest" name="productImagesCountTest" time="1.102"/>
  <system-out/>
  <testcase classname="com.qa.opencart.tests.ProductInfoPageTest" name="productImagesCountTest" time="1.146"/>
  <system-out/>
  <testcase classname="com.qa.opencart.tests.ProductInfoPageTest" name="productImagesCountTest" time="1.031"/>
  <system-out/>
</testsuite> <!-- com.qa.opencart.tests.ProductInfoPageTest -->
