<?xml version="1.0" encoding="UTF-8"?>
<!-- Generated by org.testng.reporters.JUnitReportReporter -->
<testsuite hostname="LAPTOP-3LGPHJ70" failures="0" tests="3" name="com.qa.opencart.tests.RegisterPageTest" time="8.274" errors="0" timestamp="2026-05-13T17:19:46 IST" skipped="0">
  <testcase classname="com.qa.opencart.tests.RegisterPageTest" name="userRegisterTest" time="3.113"/>
  <system-out/>
  <testcase classname="com.qa.opencart.tests.RegisterPageTest" name="userRegisterTest" time="2.872"/>
  <system-out/>
  <testcase classname="com.qa.opencart.tests.RegisterPageTest" name="userRegisterTest" time="2.289"/>
  <system-out/>
</testsuite> <!-- com.qa.opencart.tests.RegisterPageTest -->
