<?xml version="1.0" encoding="UTF-8"?>
<!-- Generated by org.testng.reporters.JUnitXMLReporter -->
<testsuite ignored="0" hostname="LAPTOP-3LGPHJ70" failures="0" tests="13" name="Accounts Page Test" time="24.093" errors="0" timestamp="2026-05-13T17:19:46 IST">
  <testcase classname="com.qa.opencart.tests.AccountsPageTest" name="accPageTitleTest" time="0.919"/>
  <testcase classname="com.qa.opencart.tests.AccountsPageTest" name="accountsPageHeadersCountTest" time="0.106"/>
  <testcase classname="com.qa.opencart.tests.AccountsPageTest" name="accountsPageHeadersTest" time="0.14"/>
  <testcase classname="com.qa.opencart.tests.AccountsPageTest" name="isLogoutLinkExistTest" time="0.705"/>
  <testcase classname="com.qa.opencart.tests.AccountsPageTest" name="searchCountTest" time="0.952"/>
  <testcase classname="com.qa.opencart.tests.AccountsPageTest" name="searchCountTest" time="0.595"/>
  <testcase classname="com.qa.opencart.tests.AccountsPageTest" name="searchCountTest" time="0.581"/>
  <testcase classname="com.qa.opencart.tests.AccountsPageTest" name="searchTest" time="1.781"/>
  <testcase classname="com.qa.opencart.tests.AccountsPageTest" name="searchTest" time="1.582"/>
  <testcase classname="com.qa.opencart.tests.AccountsPageTest" name="searchTest" time="1.498"/>
  <testcase classname="com.qa.opencart.tests.AccountsPageTest" name="searchTest" time="2.015"/>
  <testcase classname="com.qa.opencart.tests.AccountsPageTest" name="searchTest" time="1.199"/>
  <testcase classname="com.qa.opencart.tests.AccountsPageTest" name="searchTest" time="1.514"/>
</testsuite> <!-- Accounts Page Test -->
