<?xml version="1.0" encoding="UTF-8"?>
<!-- Generated by org.testng.reporters.JUnitXMLReporter -->
<testsuite ignored="0" hostname="LAPTOP-3LGPHJ70" failures="0" tests="5" name="Login Page Test" time="4.786" errors="0" timestamp="2026-05-06T18:40:58 IST">
  <testcase classname="com.qa.opencart.tests.LoginPageTest" name="forgotPwdLinkExistTest" time="0.106"/>
  <testcase classname="com.qa.opencart.tests.LoginPageTest" name="loginPageTitleTest" time="0.024"/>
  <testcase classname="com.qa.opencart.tests.LoginPageTest" name="loginPageURLTest" time="0.02"/>
  <testcase classname="com.qa.opencart.tests.LoginPageTest" name="logoExiststTest" time="0.026"/>
  <testcase classname="com.qa.opencart.tests.LoginPageTest" name="loginTest" time="0.845"/>
</testsuite> <!-- Login Page Test -->
