<?xml version="1.0" encoding="UTF-8"?>
<!-- Generated by org.testng.reporters.JUnitXMLReporter -->
<testsuite ignored="0" hostname="DESKTOP-ELQ7VCQ" failures="0" tests="5" name="Login Page Test" time="2.152" errors="0" timestamp="2026-06-01T18:31:58 IST">
  <testcase classname="com.qa.opencart.base.BaseTest" name="@BeforeTest setUp" time="1.51">
    <failure type="org.openqa.selenium.SessionNotCreatedException" message="Could not start a new session. Response code 500. Message: create container: Error response from daemon: client version 1.24 is too old. Minimum supported API version is 1.40, please upgrade your client to a newer version 
Host info: host: &amp;apos;DESKTOP-ELQ7VCQ&amp;apos;, ip: &amp;apos;192.168.29.127&amp;apos;
Build info: version: &amp;apos;4.44.0&amp;apos;, revision: &amp;apos;da2039b&amp;apos;
System info: os.name: &amp;apos;Windows 11&amp;apos;, os.arch: &amp;apos;amd64&amp;apos;, os.version: &amp;apos;10.0&amp;apos;, java.version: &amp;apos;17.0.12&amp;apos;
Driver info: org.openqa.selenium.remote.RemoteWebDriver
Command: [null, newSession {capabilities=[Capabilities {browserName: chrome, browserVersion: 113.0, goog:chromeOptions: {args: [], extensions: []}, selenoid:options: {enableVNC: true, name: null, screenResolution: 1280x1024x24}}]}]
Capabilities {browserName: chrome, browserVersion: 113.0, goog:chromeOptions: {args: [], extensions: []}, selenoid:options: {enableVNC: true, name: null, screenResolution: 1280x1024x24}}">
      <![CDATA[org.openqa.selenium.SessionNotCreatedException: Could not start a new session. Response code 500. Message: create container: Error response from daemon: client version 1.24 is too old. Minimum supported API version is 1.40, please upgrade your client to a newer version 
Host info: host: 'DESKTOP-ELQ7VCQ', ip: '192.168.29.127'
Build info: version: '4.44.0', revision: 'da2039b'
System info: os.name: 'Windows 11', os.arch: 'amd64', os.version: '10.0', java.version: '17.0.12'
Driver info: org.openqa.selenium.remote.RemoteWebDriver
Command: [null, newSession {capabilities=[Capabilities {browserName: chrome, browserVersion: 113.0, goog:chromeOptions: {args: [], extensions: []}, selenoid:options: {enableVNC: true, name: null, screenResolution: 1280x1024x24}}]}]
Capabilities {browserName: chrome, browserVersion: 113.0, goog:chromeOptions: {args: [], extensions: []}, selenoid:options: {enableVNC: true, name: null, screenResolution: 1280x1024x24}}
at org.openqa.selenium.remote.ProtocolHandshake.createSession(ProtocolHandshake.java:115)
at org.openqa.selenium.remote.ProtocolHandshake.createSession(ProtocolHandshake.java:76)
at org.openqa.selenium.remote.ProtocolHandshake.createSession(ProtocolHandshake.java:62)
at org.openqa.selenium.remote.HttpCommandExecutor.execute(HttpCommandExecutor.java:196)
at org.openqa.selenium.remote.TracedCommandExecutor.execute(TracedCommandExecutor.java:53)
at org.openqa.selenium.remote.RemoteWebDriver.execute(RemoteWebDriver.java:600)
at org.openqa.selenium.remote.RemoteWebDriver.startSession(RemoteWebDriver.java:284)
at org.openqa.selenium.remote.RemoteWebDriver.<init>(RemoteWebDriver.java:217)
at org.openqa.selenium.remote.RemoteWebDriver.<init>(RemoteWebDriver.java:176)
at org.openqa.selenium.remote.RemoteWebDriver.<init>(RemoteWebDriver.java:172)
at com.qa.opencart.factory.DriverFactory.init_remoteDriver(DriverFactory.java:91)
at com.qa.opencart.factory.DriverFactory.initDriver(DriverFactory.java:42)
at com.qa.opencart.base.BaseTest.setUp(BaseTest.java:46)
at java.base/jdk.internal.reflect.NativeMethodAccessorImpl.invoke0(Native Method)
at java.base/jdk.internal.reflect.NativeMethodAccessorImpl.invoke(NativeMethodAccessorImpl.java:77)
at java.base/jdk.internal.reflect.DelegatingMethodAccessorImpl.invoke(DelegatingMethodAccessorImpl.java:43)
at java.base/java.lang.reflect.Method.invoke(Method.java:568)
at org.testng.internal.invokers.MethodInvocationHelper.invokeMethod(MethodInvocationHelper.java:139)
at org.testng.internal.invokers.MethodInvocationHelper.invokeMethodConsideringTimeout(MethodInvocationHelper.java:69)
at org.testng.internal.invokers.ConfigInvoker.invokeConfigurationMethod(ConfigInvoker.java:361)
at org.testng.internal.invokers.ConfigInvoker.invokeConfigurations(ConfigInvoker.java:296)
at org.testng.TestRunner.invokeTestConfigurations(TestRunner.java:644)
at org.testng.TestRunner.beforeRun(TestRunner.java:633)
at org.testng.TestRunner.run(TestRunner.java:595)
at org.testng.SuiteRunner.runTest(SuiteRunner.java:437)
at org.testng.SuiteRunner$SuiteWorker.run(SuiteRunner.java:475)
at org.testng.internal.thread.ThreadUtil.lambda$execute$0(ThreadUtil.java:58)
at java.base/java.util.concurrent.FutureTask.run(FutureTask.java:264)
at java.base/java.util.concurrent.ThreadPoolExecutor.runWorker(ThreadPoolExecutor.java:1136)
at java.base/java.util.concurrent.ThreadPoolExecutor$Worker.run(ThreadPoolExecutor.java:635)
at java.base/java.lang.Thread.run(Thread.java:842)
]]>
    </failure>
  </testcase> <!-- @BeforeTest setUp -->
  <testcase classname="com.qa.opencart.base.BaseTest" name="@BeforeTest setUp" time="1.511">
    <failure type="org.openqa.selenium.SessionNotCreatedException" message="Could not start a new session. Response code 500. Message: create container: Error response from daemon: client version 1.24 is too old. Minimum supported API version is 1.40, please upgrade your client to a newer version 
Host info: host: &amp;apos;DESKTOP-ELQ7VCQ&amp;apos;, ip: &amp;apos;192.168.29.127&amp;apos;
Build info: version: &amp;apos;4.44.0&amp;apos;, revision: &amp;apos;da2039b&amp;apos;
System info: os.name: &amp;apos;Windows 11&amp;apos;, os.arch: &amp;apos;amd64&amp;apos;, os.version: &amp;apos;10.0&amp;apos;, java.version: &amp;apos;17.0.12&amp;apos;
Driver info: org.openqa.selenium.remote.RemoteWebDriver
Command: [null, newSession {capabilities=[Capabilities {browserName: chrome, browserVersion: 126.0, goog:chromeOptions: {args: [], extensions: []}, selenoid:options: {enableVNC: true, name: null, screenResolution: 1280x1024x24}}]}]
Capabilities {browserName: chrome, browserVersion: 126.0, goog:chromeOptions: {args: [], extensions: []}, selenoid:options: {enableVNC: true, name: null, screenResolution: 1280x1024x24}}">
      <![CDATA[org.openqa.selenium.SessionNotCreatedException: Could not start a new session. Response code 500. Message: create container: Error response from daemon: client version 1.24 is too old. Minimum supported API version is 1.40, please upgrade your client to a newer version 
Host info: host: 'DESKTOP-ELQ7VCQ', ip: '192.168.29.127'
Build info: version: '4.44.0', revision: 'da2039b'
System info: os.name: 'Windows 11', os.arch: 'amd64', os.version: '10.0', java.version: '17.0.12'
Driver info: org.openqa.selenium.remote.RemoteWebDriver
Command: [null, newSession {capabilities=[Capabilities {browserName: chrome, browserVersion: 126.0, goog:chromeOptions: {args: [], extensions: []}, selenoid:options: {enableVNC: true, name: null, screenResolution: 1280x1024x24}}]}]
Capabilities {browserName: chrome, browserVersion: 126.0, goog:chromeOptions: {args: [], extensions: []}, selenoid:options: {enableVNC: true, name: null, screenResolution: 1280x1024x24}}
at org.openqa.selenium.remote.ProtocolHandshake.createSession(ProtocolHandshake.java:115)
at org.openqa.selenium.remote.ProtocolHandshake.createSession(ProtocolHandshake.java:76)
at org.openqa.selenium.remote.ProtocolHandshake.createSession(ProtocolHandshake.java:62)
at org.openqa.selenium.remote.HttpCommandExecutor.execute(HttpCommandExecutor.java:196)
at org.openqa.selenium.remote.TracedCommandExecutor.execute(TracedCommandExecutor.java:53)
at org.openqa.selenium.remote.RemoteWebDriver.execute(RemoteWebDriver.java:600)
at org.openqa.selenium.remote.RemoteWebDriver.startSession(RemoteWebDriver.java:284)
at org.openqa.selenium.remote.RemoteWebDriver.<init>(RemoteWebDriver.java:217)
at org.openqa.selenium.remote.RemoteWebDriver.<init>(RemoteWebDriver.java:176)
at org.openqa.selenium.remote.RemoteWebDriver.<init>(RemoteWebDriver.java:172)
at com.qa.opencart.factory.DriverFactory.init_remoteDriver(DriverFactory.java:91)
at com.qa.opencart.factory.DriverFactory.initDriver(DriverFactory.java:42)
at com.qa.opencart.base.BaseTest.setUp(BaseTest.java:46)
at java.base/jdk.internal.reflect.NativeMethodAccessorImpl.invoke0(Native Method)
at java.base/jdk.internal.reflect.NativeMethodAccessorImpl.invoke(NativeMethodAccessorImpl.java:77)
at java.base/jdk.internal.reflect.DelegatingMethodAccessorImpl.invoke(DelegatingMethodAccessorImpl.java:43)
at java.base/java.lang.reflect.Method.invoke(Method.java:568)
at org.testng.internal.invokers.MethodInvocationHelper.invokeMethod(MethodInvocationHelper.java:139)
at org.testng.internal.invokers.MethodInvocationHelper.invokeMethodConsideringTimeout(MethodInvocationHelper.java:69)
at org.testng.internal.invokers.ConfigInvoker.invokeConfigurationMethod(ConfigInvoker.java:361)
at org.testng.internal.invokers.ConfigInvoker.invokeConfigurations(ConfigInvoker.java:296)
at org.testng.TestRunner.invokeTestConfigurations(TestRunner.java:644)
at org.testng.TestRunner.beforeRun(TestRunner.java:633)
at org.testng.TestRunner.run(TestRunner.java:595)
at org.testng.SuiteRunner.runTest(SuiteRunner.java:437)
at org.testng.SuiteRunner$SuiteWorker.run(SuiteRunner.java:475)
at org.testng.internal.thread.ThreadUtil.lambda$execute$0(ThreadUtil.java:58)
at java.base/java.util.concurrent.FutureTask.run(FutureTask.java:264)
at java.base/java.util.concurrent.ThreadPoolExecutor.runWorker(ThreadPoolExecutor.java:1136)
at java.base/java.util.concurrent.ThreadPoolExecutor$Worker.run(ThreadPoolExecutor.java:635)
at java.base/java.lang.Thread.run(Thread.java:842)
]]>
    </failure>
  </testcase> <!-- @BeforeTest setUp -->
  <testcase classname="com.qa.opencart.tests.AccountsPageTest" name="@BeforeClass accSetup" time="0.0">
    <skipped/>
  </testcase> <!-- @BeforeClass accSetup -->
  <testcase classname="com.qa.opencart.base.BaseTest" name="@AfterTest tearDown" time="0.0">
    <skipped/>
  </testcase> <!-- @AfterTest tearDown -->
  <testcase classname="com.qa.opencart.tests.LoginPageTest" name="forgotPwdLinkExistTest" time="0.0">
    <skipped/>
  </testcase> <!-- forgotPwdLinkExistTest -->
  <testcase classname="com.qa.opencart.tests.LoginPageTest" name="loginPageTitleTest" time="0.0">
    <skipped/>
  </testcase> <!-- loginPageTitleTest -->
  <testcase classname="com.qa.opencart.tests.LoginPageTest" name="loginPageURLTest" time="0.0">
    <skipped/>
  </testcase> <!-- loginPageURLTest -->
  <testcase classname="com.qa.opencart.tests.LoginPageTest" name="logoExiststTest" time="0.0">
    <skipped/>
  </testcase> <!-- logoExiststTest -->
  <testcase classname="com.qa.opencart.tests.LoginPageTest" name="loginTest" time="0.0">
    <skipped/>
  </testcase> <!-- loginTest -->
</testsuite> <!-- Login Page Test -->
