<?xml version="1.0" encoding="UTF-8"?>
<!-- Generated by org.testng.reporters.JUnitXMLReporter -->
<testsuite ignored="0" hostname="DESKTOP-ELQ7VCQ" failures="0" tests="3" name="Register Page Test" time="1.353" errors="0" timestamp="2026-06-01T18:31:59 IST">
  <testcase classname="com.qa.opencart.tests.RegisterPageTest" name="userRegisterTest" time="0.0">
    <skipped/>
  </testcase> <!-- userRegisterTest -->
  <testcase classname="com.qa.opencart.tests.RegisterPageTest" name="userRegisterTest" time="0.001">
    <skipped/>
  </testcase> <!-- userRegisterTest -->
  <testcase classname="com.qa.opencart.tests.RegisterPageTest" name="userRegisterTest" time="0.0">
    <skipped/>
  </testcase> <!-- userRegisterTest -->
</testsuite> <!-- Register Page Test -->
