<?xml version="1.0" encoding="UTF-8"?>
<!-- Generated by org.testng.reporters.JUnitXMLReporter -->
<testsuite ignored="0" hostname="LAPTOP-3LGPHJ70" failures="0" tests="3" name="Register Page Test" time="28.035" errors="0" timestamp="2026-05-20T17:08:12 IST">
  <testcase classname="com.qa.opencart.tests.RegisterPageTest" name="userRegisterTest" time="5.725"/>
  <testcase classname="com.qa.opencart.tests.RegisterPageTest" name="userRegisterTest" time="3.156"/>
  <testcase classname="com.qa.opencart.tests.RegisterPageTest" name="userRegisterTest" time="4.905"/>
</testsuite> <!-- Register Page Test -->
